Removed Pin From Net: NetName=3V3 Pin=C9-2
Removed Pin From Net: NetName=3V3 Pin=R10-2
Removed Pin From Net: NetName=3V3 Pin=U4-5
Change Component Comment : Designator=R10 Old Comment=RC1206FR-0710KL New Comment=RC1206JR-07220KL
Change Component Comment : Designator=R11 Old Comment=RC1206FR-0710KL New Comment=RC1206JR-07220KL
Change Component Comment : Designator=R9 Old Comment=RMCF1206FT12K1 New Comment=RC1206JR-07200KL
Change Component Description : Designator=R10 Old Description=RES 10K OHM 1% 1/4W 1206 New Description=RES 220K OHM 5% 1/4W 1206
Change Component Description : Designator=R11 Old Description=RES 10K OHM 1% 1/4W 1206 New Description=RES 220K OHM 5% 1/4W 1206
Change Component Description : Designator=R9 Old Description=RES 12.1K OHM 1% 1/4W 1206 New Description=RES 200K OHM 5% 1/4W 1206
Change component parameters: Designator = "R9" ("R9"); Footprint = "RESC3116X65N"; UniqueID = "\NGVUCMDS" ("\NGVUCMDS")
Change component parameters (AddParameter): Name = "Value"; Value = "200k"; VariantName = "[No Variations]"
Change component parameters: Designator = "R10" ("R10"); Footprint = "RESC3116X65N"; UniqueID = "\VIHWNQVQ" ("\VIHWNQVQ")
Change component parameters (AddParameter): Name = "Value"; Value = "220k"; VariantName = "[No Variations]"
Change component parameters: Designator = "R11" ("R11"); Footprint = "RESC3116X65N"; UniqueID = "\LMQEYNDQ" ("\LMQEYNDQ")
Change component parameters (AddParameter): Name = "Value"; Value = "220k"; VariantName = "[No Variations]"
Added Pin To Net: NetName=5VCC Pin=C9-2
Added Pin To Net: NetName=5VCC Pin=R10-2
Added Pin To Net: NetName=5VCC Pin=U4-5
Added Rule: Name=Schematic Supply Nets
Added Rule: Name=Schematic Supply Nets_1
Added Rule: Name=Schematic Supply Nets_2
Added Rule: Name=Schematic Supply Nets_3
Added Rule: Name=Schematic Supply Nets_4
Added Rule: Name=Schematic Supply Nets_5
Added Rule: Name=Schematic Supply Nets_6
Added Rule: Name=Schematic Supply Nets_7
Added Rule: Name=Schematic Supply Nets_8
Added Rule: Name=Schematic Supply Nets_9
Added Rule: Name=Schematic Supply Nets_10
Added Rule: Name=Schematic Supply Nets_11
Added Rule: Name=Schematic Supply Nets_12
Added Rule: Name=Schematic Supply Nets_13
Added Rule: Name=Schematic Supply Nets_14
Added Rule: Name=Schematic Supply Nets_15
Added Rule: Name=Schematic Supply Nets_16
Added Rule: Name=Schematic Supply Nets_17
Added Rule: Name=Schematic Supply Nets_18
Added Rule: Name=Schematic Supply Nets_19
Added Rule: Name=Schematic Supply Nets_20
Added Rule: Name=Schematic Supply Nets_21
Added Rule: Name=Schematic Supply Nets_22
Added Rule: Name=Schematic Supply Nets_23
Added Rule: Name=Schematic Supply Nets_24
Added Rule: Name=Schematic Supply Nets_25
Added Rule: Name=Schematic Supply Nets_26
Added Rule: Name=Schematic Supply Nets_27
Added Rule: Name=Schematic Supply Nets_28
Added Rule: Name=Schematic Supply Nets_29
Added Rule: Name=Schematic Supply Nets_30
