Added Component: Designator=C1(CAPC340180_140N_KEM)
Add component (AddParameter): Name = "Value"; Value = "1uF"; VariantName = "[No Variations]"
Added Component: Designator=C2(CAPC340180_140N_KEM)
Add component (AddParameter): Name = "Value"; Value = "1uF"; VariantName = "[No Variations]"
Added Component: Designator=C3(CAPC340180_140N_KEM)
Add component (AddParameter): Name = "Value"; Value = "2.2uF"; VariantName = "[No Variations]"
Added Component: Designator=C4(CAPC340180_140N_KEM)
Add component (AddParameter): Name = "Value"; Value = "0.1uF"; VariantName = "[No Variations]"
Added Component: Designator=C5(CAPC340180_140N_KEM)
Add component (AddParameter): Name = "Value"; Value = "4.7uF"; VariantName = "[No Variations]"
Added Component: Designator=C6(CAPC340180_140N_KEM)
Add component (AddParameter): Name = "Value"; Value = "10uF"; VariantName = "[No Variations]"
Added Component: Designator=C7(CAPC340180_140N_KEM)
Add component (AddParameter): Name = "Value"; Value = "0.1uF"; VariantName = "[No Variations]"
Added Component: Designator=C8(CAPC340180_140N_KEM)
Add component (AddParameter): Name = "Value"; Value = "10uF"; VariantName = "[No Variations]"
Added Component: Designator=C9(CAPC340180_140N_KEM)
Add component (AddParameter): Name = "Value"; Value = "0.1uF"; VariantName = "[No Variations]"
Added Component: Designator=C10(CAPC340180_140N_KEM)
Add component (AddParameter): Name = "Value"; Value = "0.1uF"; VariantName = "[No Variations]"
Added Component: Designator=C11(CAPC340180_140N_KEM)
Add component (AddParameter): Name = "Value"; Value = "1uF"; VariantName = "[No Variations]"
Added Component: Designator=C12(CAPC340180_140N_KEM)
Add component (AddParameter): Name = "Value"; Value = "4.7uF"; VariantName = "[No Variations]"
Added Component: Designator=C13(CAPC340180_140N_KEM)
Add component (AddParameter): Name = "Value"; Value = "10uF"; VariantName = "[No Variations]"
Added Component: Designator=C14(CAPC340180_140N_KEM)
Add component (AddParameter): Name = "Value"; Value = "10uF"; VariantName = "[No Variations]"
Added Component: Designator=C15(CAPC340180_140N_KEM)
Add component (AddParameter): Name = "Value"; Value = "10uF"; VariantName = "[No Variations]"
Added Component: Designator=C16(CAPC340180_140N_KEM)
Add component (AddParameter): Name = "Value"; Value = "0.1uF"; VariantName = "[No Variations]"
Added Component: Designator=C17(CAPC340180_140N_KEM)
Add component (AddParameter): Name = "Value"; Value = "0.1uF"; VariantName = "[No Variations]"
Added Component: Designator=C18(CAPC340180_140N_KEM)
Add component (AddParameter): Name = "Value"; Value = "0.1uF"; VariantName = "[No Variations]"
Added Component: Designator=C19(CAPC340180_140N_KEM)
Add component (AddParameter): Name = "Value"; Value = "0.1uF"; VariantName = "[No Variations]"
Added Component: Designator=C20(CAPC340180_140N_KEM)
Add component (AddParameter): Name = "Value"; Value = "10uF"; VariantName = "[No Variations]"
Added Component: Designator=C21(CAPC340180_140N_KEM)
Add component (AddParameter): Name = "Value"; Value = "0.1uF"; VariantName = "[No Variations]"
Added Component: Designator=C22(CAPC340180_140N_KEM)
Add component (AddParameter): Name = "Value"; Value = "47uF"; VariantName = "[No Variations]"
Added Component: Designator=C23(CAPC340180_140N_KEM)
Add component (AddParameter): Name = "Value"; Value = "10uF"; VariantName = "[No Variations]"
Added Component: Designator=C24(CAPC340180_140N_KEM)
Add component (AddParameter): Name = "Value"; Value = "0.1uF"; VariantName = "[No Variations]"
Added Component: Designator=J1(JST_B6B-PH-K-S)
Added Component: Designator=J2(JST_B2B-PH-K-S)
Added Component: Designator=J3(CONN_SDA-70543-XXXX_14_MOL)
Added Component: Designator=J4(JST_B4B-XH-A)
Added Component: Designator=J5(MOLEX_70543-0037)
Added Component: Designator=J6(MOLEX_70543-0037)
Added Component: Designator=J7(MOLEX_70543-0037)
Added Component: Designator=J8(MOLEX_70543-0037)
Added Component: Designator=L1(IND_FDSD0420-H-100M=P3)
Add component (AddParameter): Name = "Value"; Value = "10uH"; VariantName = "[No Variations]"
Added Component: Designator=R1(RESC3116X65N)
Add component (AddParameter): Name = "Value"; Value = "10k"; VariantName = "[No Variations]"
Added Component: Designator=R2(RESC3116X65N)
Add component (AddParameter): Name = "Value"; Value = "10k"; VariantName = "[No Variations]"
Added Component: Designator=R3(RESC3116X65N)
Add component (AddParameter): Name = "Value"; Value = "5k1"; VariantName = "[No Variations]"
Added Component: Designator=R4(RESC3116X65N)
Add component (AddParameter): Name = "Value"; Value = "5k1"; VariantName = "[No Variations]"
Added Component: Designator=R5(RESC3116X65N)
Add component (AddParameter): Name = "Value"; Value = "10k"; VariantName = "[No Variations]"
Added Component: Designator=R6(RESC3116X65N)
Add component (AddParameter): Name = "Value"; Value = "1k"; VariantName = "[No Variations]"
Added Component: Designator=R7(RESC3116X65N)
Add component (AddParameter): Name = "Value"; Value = "56k"; VariantName = "[No Variations]"
Added Component: Designator=R8(RESC3116X65N)
Add component (AddParameter): Name = "Value"; Value = "10k"; VariantName = "[No Variations]"
Added Component: Designator=R9(RESC3116X65N)
Add component (AddParameter): Name = "Value"; Value = "12k"; VariantName = "[No Variations]"
Added Component: Designator=R10(RESC3116X65N)
Add component (AddParameter): Name = "Value"; Value = "10k"; VariantName = "[No Variations]"
Added Component: Designator=R11(RESC3116X65N)
Add component (AddParameter): Name = "Value"; Value = "10k"; VariantName = "[No Variations]"
Added Component: Designator=R12(RESC3116X65N)
Add component (AddParameter): Name = "Value"; Value = "10k"; VariantName = "[No Variations]"
Added Component: Designator=R13(RESC3116X65N)
Add component (AddParameter): Name = "Value"; Value = "10k"; VariantName = "[No Variations]"
Added Component: Designator=R14(RESC3116X65N)
Add component (AddParameter): Name = "Value"; Value = "10k"; VariantName = "[No Variations]"
Added Component: Designator=R15(RESC3116X65N)
Add component (AddParameter): Name = "Value"; Value = "10k"; VariantName = "[No Variations]"
Added Component: Designator=R16(RESC3116X65N)
Add component (AddParameter): Name = "Value"; Value = "10k"; VariantName = "[No Variations]"
Added Component: Designator=R17(RESC3116X65N)
Add component (AddParameter): Name = "Value"; Value = "10k"; VariantName = "[No Variations]"
Added Component: Designator=R18(RESC3116X65N)
Add component (AddParameter): Name = "Value"; Value = "10k"; VariantName = "[No Variations]"
Added Component: Designator=R19(RESC3116X65N)
Add component (AddParameter): Name = "Value"; Value = "10k"; VariantName = "[No Variations]"
Added Component: Designator=S1(CONN5_B5B-ZR_JST)
Add component (AddParameter): Name = "ComponentLink1Description"; Value = "Datasheet"; VariantName = "[No Variations]"
Add component (AddParameter): Name = "ComponentLink1URL"; Value = "https://sensirion.com/media/documents/8600FF88/64A3B8D6/Sensirion_PM_Sensors_Datasheet_SPS30.pdf"; VariantName = "[No Variations]"
Add component (AddParameter): Name = "ComponentLink2Description"; Value = "EU Component"; VariantName = "[No Variations]"
Add component (AddParameter): Name = "ComponentLink2URL"; Value = "https://www.digikey.at/en/products/detail/sensirion-ag/SPS30/9598990?gclsrc=aw.ds&gad_source=1&gad_campaignid=9415055229&gbraid=0AAAAADrbLlghU28cdFM9RQIiS448Os4NQ&gclid=Cj0KCQjwzt_FBhCEARIsAJGFWVladtv1vxGMu0RXHFTM9ng6qsDvV838Q-BR2Fl5FYFzWahIkC0y_aYaAqE3EALw_wcB"; VariantName = "[No Variations]"
Added Component: Designator=S2(PIM357)
Add component (AddParameter): Name = "ComponentLink1Description"; Value = "Datasheet"; VariantName = "[No Variations]"
Add component (AddParameter): Name = "ComponentLink1URL"; Value = "chrome-extension://efaidnbmnnnibpcajpcglclefindmkaj/https://mm.digikey.com/Volume0/opasdata/d220001/medias/docus/854/PIM357_Web.pdf"; VariantName = "[No Variations]"
Added Component: Designator=S3(IFX-SMD-LG-MLGA-14-1-V_MODUL)
Add component (AddParameter): Name = "Alternate View"; Value = "No"; VariantName = "[No Variations]"
Add component (AddParameter): Name = "ComponentLink1Description"; Value = "Datasheet"; VariantName = "[No Variations]"
Add component (AddParameter): Name = "ComponentLink1URL"; Value = "chrome-extension://efaidnbmnnnibpcajpcglclefindmkaj/https://www.infineon.com/assets/row/public/documents/24/49/infineon-pasco2v01-datasheet-en.pdf?fileId=8ac78c8c80027ecd01809278f1af1ba2"; VariantName = "[No Variations]"
Add component (AddParameter): Name = "Multiple Parts"; Value = "No"; VariantName = "[No Variations]"
Add component (AddParameter): Name = "Symbol Type"; Value = "XENSIV PAS CO2 1.5"; VariantName = "[No Variations]"
Added Component: Designator=U1(SOT95P280X145-6N)
Add component (AddParameter): Name = "Check_prices"; Value = "https://www.snapeda.com/parts/BQ21040DBVR/Texas+Instruments/view-part/?ref=eda"; VariantName = "[No Variations]"
Add component (AddParameter): Name = "MF"; Value = "Texas Instruments"; VariantName = "[No Variations]"
Add component (AddParameter): Name = "MP"; Value = "BQ21040DBVR"; VariantName = "[No Variations]"
Add component (AddParameter): Name = "Package"; Value = "SOT-23-6 Texas Instruments"; VariantName = "[No Variations]"
Add component (AddParameter): Name = "SnapEDA_Link"; Value = "https://www.snapeda.com/parts/BQ21040DBVR/Texas+Instruments/view-part/?ref=snap"; VariantName = "[No Variations]"
Add component (AddParameter): Name = "Value"; Value = ""; VariantName = "[No Variations]"
Added Component: Designator=U2(DBV0006A_M)
Add component (AddParameter): Name = "Copyright"; Value = "Copyright (C) 2025 Ultra Librarian. All rights reserved."; VariantName = "[No Variations]"
Add component (AddParameter): Name = "Manufacturer_Name"; Value = "Texas Instruments"; VariantName = "[No Variations]"
Add component (AddParameter): Name = "Manufacturer_Part_Number"; Value = "TLV61046ADBVR"; VariantName = "[No Variations]"
Add component (AddParameter): Name = "RefDes"; Value = "RefDes"; VariantName = "[No Variations]"
Add component (AddParameter): Name = "TYPE"; Value = "TYPE"; VariantName = "[No Variations]"
Added Component: Designator=U3(PicoW SC019)
Add component (AddParameter): Name = "ComponentLink1Description"; Value = "EU Component"; VariantName = "[No Variations]"
Add component (AddParameter): Name = "ComponentLink1URL"; Value = "https://www.reichelt.at/at/de/shop/produkt/raspberry_pi_pico_rp2040_cortex-m0_microusb-295706"; VariantName = "[No Variations]"
Add component (AddParameter): Name = "ComponentLink2Description"; Value = "Datasheet"; VariantName = "[No Variations]"
Add component (AddParameter): Name = "ComponentLink2URL"; Value = "chrome-extension://efaidnbmnnnibpcajpcglclefindmkaj/https://datasheets.raspberrypi.com/picow/pico-w-datasheet.pdf"; VariantName = "[No Variations]"
Added Component: Designator=U4(SOT23-5-AP2202K_DIO-M)
Added Component: Designator=U5(SOT-25   SMV_TOS)
Add component (AddParameter): Name = "Copyright"; Value = "Copyright (C) 2025 Ultra Librarian. All rights reserved."; VariantName = "[No Variations]"
Add component (AddParameter): Name = "Manufacturer_Name"; Value = "Toshiba Electronic Devices & Storage Corp."; VariantName = "[No Variations]"
Add component (AddParameter): Name = "Manufacturer_Part_Number"; Value = "TCR2EF33,LM(CT"; VariantName = "[No Variations]"
Add component (AddParameter): Name = "RefDes"; Value = "RefDes"; VariantName = "[No Variations]"
Add component (AddParameter): Name = "Type"; Value = "Type"; VariantName = "[No Variations]"
Added Component: Designator=U6(CAM8MQ-Mod)
Add component (AddParameter): Name = "ComponentLink1Description"; Value = "Datasheet IC"; VariantName = "[No Variations]"
Add component (AddParameter): Name = "ComponentLink1URL"; Value = "chrome-extension://efaidnbmnnnibpcajpcglclefindmkaj/https://content.u-blox.com/sites/default/files/CAM-M8-FW3_DataSheet_%28UBX-15031574%29.pdf"; VariantName = "[No Variations]"
Added Pin To Net: NetName=3V3-REF Pin=C11-2
Added Pin To Net: NetName=3V3-REF Pin=U3-35
Added Pin To Net: NetName=3V3-REF Pin=U5-5
Added Net: Name=3V3-REF
Added Pin To Net: NetName=3V3 Pin=C8-1
Added Pin To Net: NetName=3V3 Pin=C12-1
Added Pin To Net: NetName=3V3 Pin=C13-1
Added Pin To Net: NetName=3V3 Pin=C14-1
Added Pin To Net: NetName=3V3 Pin=C20-1
Added Pin To Net: NetName=3V3 Pin=C21-1
Added Pin To Net: NetName=3V3 Pin=J3-14
Added Pin To Net: NetName=3V3 Pin=J5-1
Added Pin To Net: NetName=3V3 Pin=J6-1
Added Pin To Net: NetName=3V3 Pin=J7-1
Added Pin To Net: NetName=3V3 Pin=J8-1
Added Pin To Net: NetName=3V3 Pin=R10-2
Added Pin To Net: NetName=3V3 Pin=R12-2
Added Pin To Net: NetName=3V3 Pin=R13-1
Added Pin To Net: NetName=3V3 Pin=R14-1
Added Pin To Net: NetName=3V3 Pin=R15-2
Added Pin To Net: NetName=3V3 Pin=S2-1
Added Pin To Net: NetName=3V3 Pin=S3-1
Added Pin To Net: NetName=3V3 Pin=U3-36
Added Pin To Net: NetName=3V3 Pin=U4-5
Added Pin To Net: NetName=3V3 Pin=U6-1
Added Pin To Net: NetName=3V3 Pin=U6-7
Added Net: Name=3V3
Added Pin To Net: NetName=5VCC Pin=C5-2
Added Pin To Net: NetName=5VCC Pin=C6-1
Added Pin To Net: NetName=5VCC Pin=C7-1
Added Pin To Net: NetName=5VCC Pin=C9-2
Added Pin To Net: NetName=5VCC Pin=C15-1
Added Pin To Net: NetName=5VCC Pin=C22-1
Added Pin To Net: NetName=5VCC Pin=C23-1
Added Pin To Net: NetName=5VCC Pin=C24-1
Added Pin To Net: NetName=5VCC Pin=R1-2
Added Pin To Net: NetName=5VCC Pin=S1-1
Added Pin To Net: NetName=5VCC Pin=S3-10
Added Pin To Net: NetName=5VCC Pin=U2-5
Added Pin To Net: NetName=5VCC Pin=U3-39
Added Pin To Net: NetName=5VCC Pin=U5-1
Added Net: Name=5VCC
Added Pin To Net: NetName=ADC2 Pin=R9-2
Added Pin To Net: NetName=ADC2 Pin=U3-34
Added Pin To Net: NetName=ADC2 Pin=U4-1
Added Net: Name=ADC2
Added Pin To Net: NetName=CC1 Pin=J1-3
Added Pin To Net: NetName=CC1 Pin=R3-2
Added Net: Name=CC1
Added Pin To Net: NetName=CC2 Pin=J1-5
Added Pin To Net: NetName=CC2 Pin=R4-2
Added Net: Name=CC2
Added Pin To Net: NetName=CHG Pin=R2-1
Added Pin To Net: NetName=CHG Pin=R14-2
Added Pin To Net: NetName=CHG Pin=U3-4
Added Net: Name=CHG
Added Pin To Net: NetName=CONT Pin=U3-32
Added Pin To Net: NetName=CONT Pin=U5-3
Added Net: Name=CONT
Added Pin To Net: NetName=DC Pin=J3-10
Added Pin To Net: NetName=DC Pin=U3-10
Added Net: Name=DC
Added Pin To Net: NetName=EXTIN Pin=U3-31
Added Pin To Net: NetName=EXTIN Pin=U6-5
Added Net: Name=EXTIN
Added Pin To Net: NetName=FB Pin=R1-1
Added Pin To Net: NetName=FB Pin=R7-2
Added Pin To Net: NetName=FB Pin=U2-3
Added Net: Name=FB
Added Pin To Net: NetName=GND Pin=C1-2
Added Pin To Net: NetName=GND Pin=C2-2
Added Pin To Net: NetName=GND Pin=C3-1
Added Pin To Net: NetName=GND Pin=C4-2
Added Pin To Net: NetName=GND Pin=C5-1
Added Pin To Net: NetName=GND Pin=C6-2
Added Pin To Net: NetName=GND Pin=C7-2
Added Pin To Net: NetName=GND Pin=C8-2
Added Pin To Net: NetName=GND Pin=C9-1
Added Pin To Net: NetName=GND Pin=C10-2
Added Pin To Net: NetName=GND Pin=C11-1
Added Pin To Net: NetName=GND Pin=C12-2
Added Pin To Net: NetName=GND Pin=C13-2
Added Pin To Net: NetName=GND Pin=C14-2
Added Pin To Net: NetName=GND Pin=C15-2
Added Pin To Net: NetName=GND Pin=C16-2
Added Pin To Net: NetName=GND Pin=C17-2
Added Pin To Net: NetName=GND Pin=C18-2
Added Pin To Net: NetName=GND Pin=C19-2
Added Pin To Net: NetName=GND Pin=C20-2
Added Pin To Net: NetName=GND Pin=C21-2
Added Pin To Net: NetName=GND Pin=C22-2
Added Pin To Net: NetName=GND Pin=C23-2
Added Pin To Net: NetName=GND Pin=C24-2
Added Pin To Net: NetName=GND Pin=J1-6
Added Pin To Net: NetName=GND Pin=J2-2
Added Pin To Net: NetName=GND Pin=J3-13
Added Pin To Net: NetName=GND Pin=J5-3
Added Pin To Net: NetName=GND Pin=J6-3
Added Pin To Net: NetName=GND Pin=J7-3
Added Pin To Net: NetName=GND Pin=J8-3
Added Pin To Net: NetName=GND Pin=R3-1
Added Pin To Net: NetName=GND Pin=R4-1
Added Pin To Net: NetName=GND Pin=R5-1
Added Pin To Net: NetName=GND Pin=R6-1
Added Pin To Net: NetName=GND Pin=R7-1
Added Pin To Net: NetName=GND Pin=R11-1
Added Pin To Net: NetName=GND Pin=S1-5
Added Pin To Net: NetName=GND Pin=S2-2
Added Pin To Net: NetName=GND Pin=S3-6
Added Pin To Net: NetName=GND Pin=U1-5
Added Pin To Net: NetName=GND Pin=U2-2
Added Pin To Net: NetName=GND Pin=U3-3
Added Pin To Net: NetName=GND Pin=U3-8
Added Pin To Net: NetName=GND Pin=U3-13
Added Pin To Net: NetName=GND Pin=U3-18
Added Pin To Net: NetName=GND Pin=U3-23
Added Pin To Net: NetName=GND Pin=U3-28
Added Pin To Net: NetName=GND Pin=U3-33
Added Pin To Net: NetName=GND Pin=U3-38
Added Pin To Net: NetName=GND Pin=U4-2
Added Pin To Net: NetName=GND Pin=U5-2
Added Pin To Net: NetName=GND Pin=U6-8
Added Net: Name=GND
Added Pin To Net: NetName=I2C/SCL Pin=R12-1
Added Pin To Net: NetName=I2C/SCL Pin=S1-3
Added Pin To Net: NetName=I2C/SCL Pin=S2-3
Added Pin To Net: NetName=I2C/SCL Pin=S3-3
Added Pin To Net: NetName=I2C/SCL Pin=U3-7
Added Pin To Net: NetName=I2C/SCL Pin=U6-11
Added Net: Name=I2C/SCL
Added Pin To Net: NetName=I2C/SDA Pin=R13-2
Added Pin To Net: NetName=I2C/SDA Pin=S1-2
Added Pin To Net: NetName=I2C/SDA Pin=S2-4
Added Pin To Net: NetName=I2C/SDA Pin=S3-4
Added Pin To Net: NetName=I2C/SDA Pin=U3-6
Added Pin To Net: NetName=I2C/SDA Pin=U6-12
Added Net: Name=I2C/SDA
Added Pin To Net: NetName=LED Pin=J3-7
Added Pin To Net: NetName=LED Pin=U3-9
Added Net: Name=LED
Added Pin To Net: NetName=NetC4_1 Pin=C4-1
Added Pin To Net: NetName=NetC4_1 Pin=R2-2
Added Pin To Net: NetName=NetC4_1 Pin=U1-3
Added Net: Name=NetC4_1
Added Pin To Net: NetName=NetC10_1 Pin=C10-1
Added Pin To Net: NetName=NetC10_1 Pin=R8-1
Added Pin To Net: NetName=NetC10_1 Pin=U4-3
Added Net: Name=NetC10_1
Added Pin To Net: NetName=NetC16_1 Pin=C16-1
Added Pin To Net: NetName=NetC16_1 Pin=J5-2
Added Pin To Net: NetName=NetC16_1 Pin=R16-1
Added Net: Name=NetC16_1
Added Pin To Net: NetName=NetC17_1 Pin=C17-1
Added Pin To Net: NetName=NetC17_1 Pin=J6-2
Added Pin To Net: NetName=NetC17_1 Pin=R17-1
Added Net: Name=NetC17_1
Added Pin To Net: NetName=NetC18_1 Pin=C18-1
Added Pin To Net: NetName=NetC18_1 Pin=J7-2
Added Pin To Net: NetName=NetC18_1 Pin=R18-1
Added Net: Name=NetC18_1
Added Pin To Net: NetName=NetC19_1 Pin=C19-1
Added Pin To Net: NetName=NetC19_1 Pin=J8-2
Added Pin To Net: NetName=NetC19_1 Pin=R19-1
Added Net: Name=NetC19_1
Added Pin To Net: NetName=NetL1_2 Pin=L1-2
Added Pin To Net: NetName=NetL1_2 Pin=U2-1
Added Net: Name=NetL1_2
Added Pin To Net: NetName=NetR5_2 Pin=R5-2
Added Pin To Net: NetName=NetR5_2 Pin=U1-1
Added Net: Name=NetR5_2
Added Pin To Net: NetName=NetR6_2 Pin=R6-2
Added Pin To Net: NetName=NetR6_2 Pin=U1-4
Added Net: Name=NetR6_2
Added Pin To Net: NetName=RESET Pin=R15-1
Added Pin To Net: NetName=RESET Pin=U3-29
Added Pin To Net: NetName=RESET Pin=U6-2
Added Net: Name=RESET
Added Pin To Net: NetName=RST Pin=J3-11
Added Pin To Net: NetName=RST Pin=U3-11
Added Net: Name=RST
Added Pin To Net: NetName=SPI/CS-DIS Pin=J3-12
Added Pin To Net: NetName=SPI/CS-DIS Pin=U3-20
Added Net: Name=SPI/CS-DIS
Added Pin To Net: NetName=SPI/CS-SD Pin=J4-4
Added Pin To Net: NetName=SPI/CS-SD Pin=U3-19
Added Net: Name=SPI/CS-SD
Added Pin To Net: NetName=SPI/MISO Pin=J3-6
Added Pin To Net: NetName=SPI/MISO Pin=J4-2
Added Pin To Net: NetName=SPI/MISO Pin=U3-21
Added Net: Name=SPI/MISO
Added Pin To Net: NetName=SPI/MOSI Pin=J3-9
Added Pin To Net: NetName=SPI/MOSI Pin=J4-3
Added Pin To Net: NetName=SPI/MOSI Pin=U3-25
Added Net: Name=SPI/MOSI
Added Pin To Net: NetName=SPI/SCK Pin=J3-8
Added Pin To Net: NetName=SPI/SCK Pin=J4-1
Added Pin To Net: NetName=SPI/SCK Pin=U3-24
Added Net: Name=SPI/SCK
Added Pin To Net: NetName=TCH1 Pin=R16-2
Added Pin To Net: NetName=TCH1 Pin=U3-26
Added Net: Name=TCH1
Added Pin To Net: NetName=TCH2 Pin=R17-2
Added Pin To Net: NetName=TCH2 Pin=U3-27
Added Net: Name=TCH2
Added Pin To Net: NetName=TCH3 Pin=R18-2
Added Pin To Net: NetName=TCH3 Pin=U3-14
Added Net: Name=TCH3
Added Pin To Net: NetName=TCH4 Pin=R19-2
Added Pin To Net: NetName=TCH4 Pin=U3-15
Added Net: Name=TCH4
Added Pin To Net: NetName=UART/RX Pin=U3-2
Added Pin To Net: NetName=UART/RX Pin=U6-9
Added Net: Name=UART/RX
Added Pin To Net: NetName=UART/TX Pin=U3-1
Added Pin To Net: NetName=UART/TX Pin=U6-10
Added Net: Name=UART/TX
Added Pin To Net: NetName=VBUS Pin=C1-1
Added Pin To Net: NetName=VBUS Pin=J1-1
Added Pin To Net: NetName=VBUS Pin=U1-6
Added Net: Name=VBUS
Added Pin To Net: NetName=VCC Pin=C2-1
Added Pin To Net: NetName=VCC Pin=C3-2
Added Pin To Net: NetName=VCC Pin=J2-1
Added Pin To Net: NetName=VCC Pin=L1-1
Added Pin To Net: NetName=VCC Pin=R8-2
Added Pin To Net: NetName=VCC Pin=U1-2
Added Pin To Net: NetName=VCC Pin=U2-4
Added Pin To Net: NetName=VCC Pin=U2-6
Added Net: Name=VCC
Added Pin To Net: NetName=VIN- Pin=R9-1
Added Pin To Net: NetName=VIN- Pin=R10-1
Added Pin To Net: NetName=VIN- Pin=R11-2
Added Pin To Net: NetName=VIN- Pin=U4-4
Added Net: Name=VIN-
Added Class: Name=AirScout_SchematicsV2.0
Added Rule: Name=Schematic Supply Nets
Added Rule: Name=Schematic Supply Nets_1
Added Rule: Name=Schematic Supply Nets_2
Added Rule: Name=Schematic Supply Nets_3
Added Rule: Name=Schematic Supply Nets_4
Added Rule: Name=Schematic Supply Nets_5
Added Rule: Name=Schematic Supply Nets_6
Added Rule: Name=Schematic Supply Nets_7
Added Rule: Name=Schematic Supply Nets_8
Added Rule: Name=Schematic Supply Nets_9
Added Rule: Name=Schematic Supply Nets_10
Added Rule: Name=Schematic Supply Nets_11
Added Rule: Name=Schematic Supply Nets_12
Added Rule: Name=Schematic Supply Nets_13
Added Rule: Name=Schematic Supply Nets_14
Added Rule: Name=Schematic Supply Nets_15
Added Rule: Name=Schematic Supply Nets_16
Added Rule: Name=Schematic Supply Nets_17
Added Rule: Name=Schematic Supply Nets_18
Added Rule: Name=Schematic Supply Nets_19
Added Rule: Name=Schematic Supply Nets_20
Added Rule: Name=Schematic Supply Nets_21
Added Rule: Name=Schematic Supply Nets_22
Added Rule: Name=Schematic Supply Nets_23
Added Rule: Name=Schematic Supply Nets_24
Added Rule: Name=Schematic Supply Nets_25
Added Rule: Name=Schematic Supply Nets_26
Added Rule: Name=Schematic Supply Nets_27
Added Rule: Name=Schematic Supply Nets_28
Added Rule: Name=Schematic Supply Nets_29
Added Rule: Name=Schematic Supply Nets_30
