Added Pin To Net: NetName=GND Pin=C1-1
Added Pin To Net: NetName=VBUS Pin=C1-2
Added Pin To Net: NetName=GND Pin=C2-1
Added Pin To Net: NetName=VCC Pin=C2-2
Added Pin To Net: NetName=GND Pin=C3-1
Added Pin To Net: NetName=VCC Pin=C3-2
Added Pin To Net: NetName=GND Pin=C4-1
Added Pin To Net: NetName=NetC4_2 Pin=C4-2
Added Pin To Net: NetName=GND Pin=C5-1
Added Pin To Net: NetName=5VCC Pin=C5-2
Added Pin To Net: NetName=GND Pin=C6-1
Added Pin To Net: NetName=5VCC Pin=C6-2
Added Pin To Net: NetName=GND Pin=C7-1
Added Pin To Net: NetName=5VCC Pin=C7-2
Added Pin To Net: NetName=GND Pin=C8-1
Added Pin To Net: NetName=3V3-REF Pin=C8-2
Added Pin To Net: NetName=GND Pin=C9-1
Added Pin To Net: NetName=5VCC Pin=C9-2
Added Pin To Net: NetName=GND Pin=C10-1
Added Pin To Net: NetName=NetC10_2 Pin=C10-2
Added Pin To Net: NetName=GND Pin=C11-1
Added Pin To Net: NetName=5VCC Pin=C11-2
Added Pin To Net: NetName=GND Pin=C12-1
Added Pin To Net: NetName=3V3 Pin=C12-2
Added Pin To Net: NetName=GND Pin=C13-1
Added Pin To Net: NetName=3V3 Pin=C13-2
Added Pin To Net: NetName=GND Pin=C14-1
Added Pin To Net: NetName=3V3 Pin=C14-2
Added Pin To Net: NetName=GND Pin=C15-1
Added Pin To Net: NetName=5VCC Pin=C15-2
Added Pin To Net: NetName=GND Pin=C16-1
Added Pin To Net: NetName=NetC16_2 Pin=C16-2
Added Pin To Net: NetName=GND Pin=C17-1
Added Pin To Net: NetName=NetC17_2 Pin=C17-2
Added Pin To Net: NetName=GND Pin=C18-1
Added Pin To Net: NetName=NetC18_2 Pin=C18-2
Added Pin To Net: NetName=GND Pin=C19-1
Added Pin To Net: NetName=NetC19_2 Pin=C19-2
Added Pin To Net: NetName=GND Pin=C20-1
Added Pin To Net: NetName=3V3 Pin=C20-2
Added Pin To Net: NetName=GND Pin=C21-1
Added Pin To Net: NetName=3V3 Pin=C21-2
Added Pin To Net: NetName=GND Pin=C22-1
Added Pin To Net: NetName=5VCC Pin=C22-2
Added Pin To Net: NetName=GND Pin=C23-1
Added Pin To Net: NetName=5VCC Pin=C23-2
Added Pin To Net: NetName=GND Pin=C24-1
Added Pin To Net: NetName=5VCC Pin=C24-2
Added Pin To Net: NetName=GND Pin=D1-A
Added Pin To Net: NetName=VBUS Pin=D1-K
Added Pin To Net: NetName=VBUS Pin=J1-1
Added Pin To Net: NetName=CC1 Pin=J1-3
Added Pin To Net: NetName=CC2 Pin=J1-5
Added Pin To Net: NetName=GND Pin=J1-6
Added Pin To Net: NetName=VCC Pin=J2-1
Added Pin To Net: NetName=GND Pin=J2-2
Added Pin To Net: NetName=SPI/MISO Pin=J3-6
Added Pin To Net: NetName=LED Pin=J3-7
Added Pin To Net: NetName=SPI/SCK Pin=J3-8
Added Pin To Net: NetName=SPI/MOSI Pin=J3-9
Added Pin To Net: NetName=DC Pin=J3-10
Added Pin To Net: NetName=RST Pin=J3-11
Added Pin To Net: NetName=SPI/CS-DIS Pin=J3-12
Added Pin To Net: NetName=GND Pin=J3-13
Added Pin To Net: NetName=3V3 Pin=J3-14
Added Pin To Net: NetName=SPI/SCK Pin=J4-1
Added Pin To Net: NetName=SPI/MISO Pin=J4-2
Added Pin To Net: NetName=SPI/MOSI Pin=J4-3
Added Pin To Net: NetName=SPI/CS-SD Pin=J4-4
Added Pin To Net: NetName=3V3 Pin=J5-1
Added Pin To Net: NetName=NetC16_2 Pin=J5-2
Added Pin To Net: NetName=GND Pin=J5-3
Added Pin To Net: NetName=3V3 Pin=J6-1
Added Pin To Net: NetName=NetC17_2 Pin=J6-2
Added Pin To Net: NetName=GND Pin=J6-3
Added Pin To Net: NetName=3V3 Pin=J7-1
Added Pin To Net: NetName=NetC18_2 Pin=J7-2
Added Pin To Net: NetName=GND Pin=J7-3
Added Pin To Net: NetName=3V3 Pin=J8-1
Added Pin To Net: NetName=NetC19_2 Pin=J8-2
Added Pin To Net: NetName=GND Pin=J8-3
Added Pin To Net: NetName=VCC Pin=L1-1
Added Pin To Net: NetName=NetL1_2 Pin=L1-2
Added Pin To Net: NetName=FB Pin=R1-1
Added Pin To Net: NetName=5VCC Pin=R1-2
Added Pin To Net: NetName=CHG Pin=R2-1
Added Pin To Net: NetName=NetC4_2 Pin=R2-2
Added Pin To Net: NetName=GND Pin=R3-1
Added Pin To Net: NetName=CC1 Pin=R3-2
Added Pin To Net: NetName=GND Pin=R4-1
Added Pin To Net: NetName=CC2 Pin=R4-2
Added Pin To Net: NetName=GND Pin=R5-1
Added Pin To Net: NetName=NetR5_2 Pin=R5-2
Added Pin To Net: NetName=GND Pin=R6-1
Added Pin To Net: NetName=NetR6_2 Pin=R6-2
Added Pin To Net: NetName=GND Pin=R7-1
Added Pin To Net: NetName=FB Pin=R7-2
Added Pin To Net: NetName=NetC10_2 Pin=R8-1
Added Pin To Net: NetName=VCC Pin=R8-2
Added Pin To Net: NetName=VIN- Pin=R9-1
Added Pin To Net: NetName=ADC2 Pin=R9-2
Added Pin To Net: NetName=VIN- Pin=R10-1
Added Pin To Net: NetName=5VCC Pin=R10-2
Added Pin To Net: NetName=GND Pin=R11-1
Added Pin To Net: NetName=VIN- Pin=R11-2
Added Pin To Net: NetName=I2C/SCL Pin=R12-1
Added Pin To Net: NetName=3V3 Pin=R12-2
Added Pin To Net: NetName=I2C/SDA Pin=R13-1
Added Pin To Net: NetName=3V3 Pin=R13-2
Added Pin To Net: NetName=CHG Pin=R14-1
Added Pin To Net: NetName=3V3 Pin=R14-2
Added Pin To Net: NetName=RESET Pin=R15-1
Added Pin To Net: NetName=3V3 Pin=R15-2
Added Pin To Net: NetName=NetC16_2 Pin=R16-1
Added Pin To Net: NetName=TCH1 Pin=R16-2
Added Pin To Net: NetName=NetC17_2 Pin=R17-1
Added Pin To Net: NetName=TCH2 Pin=R17-2
Added Pin To Net: NetName=NetC18_2 Pin=R18-1
Added Pin To Net: NetName=TCH3 Pin=R18-2
Added Pin To Net: NetName=NetC19_2 Pin=R19-1
Added Pin To Net: NetName=TCH4 Pin=R19-2
Added Pin To Net: NetName=5VCC Pin=S1-1
Added Pin To Net: NetName=I2C/SDA Pin=S1-2
Added Pin To Net: NetName=I2C/SCL Pin=S1-3
Added Pin To Net: NetName=GND Pin=S1-5
Added Pin To Net: NetName=3V3 Pin=S2-1
Added Pin To Net: NetName=GND Pin=S2-2
Added Pin To Net: NetName=I2C/SCL Pin=S2-3
Added Pin To Net: NetName=I2C/SDA Pin=S2-4
Added Pin To Net: NetName=3V3 Pin=S3-1
Added Pin To Net: NetName=I2C/SCL Pin=S3-3
Added Pin To Net: NetName=I2C/SDA Pin=S3-4
Added Pin To Net: NetName=GND Pin=S3-6
Added Pin To Net: NetName=5VCC Pin=S3-10
Added Pin To Net: NetName=NetR5_2 Pin=U1-1
Added Pin To Net: NetName=VCC Pin=U1-2
Added Pin To Net: NetName=NetC4_2 Pin=U1-3
Added Pin To Net: NetName=NetR6_2 Pin=U1-4
Added Pin To Net: NetName=GND Pin=U1-5
Added Pin To Net: NetName=VBUS Pin=U1-6
Added Pin To Net: NetName=NetL1_2 Pin=U2-1
Added Pin To Net: NetName=GND Pin=U2-2
Added Pin To Net: NetName=FB Pin=U2-3
Added Pin To Net: NetName=VCC Pin=U2-4
Added Pin To Net: NetName=5VCC Pin=U2-5
Added Pin To Net: NetName=VCC Pin=U2-6
Added Pin To Net: NetName=UART/TX Pin=U3-1
Added Pin To Net: NetName=UART/RX Pin=U3-2
Added Pin To Net: NetName=GND Pin=U3-3
Added Pin To Net: NetName=CHG Pin=U3-4
Added Pin To Net: NetName=CONT Pin=U3-6
Added Pin To Net: NetName=LED Pin=U3-7
Added Pin To Net: NetName=GND Pin=U3-8
Added Pin To Net: NetName=DC Pin=U3-10
Added Pin To Net: NetName=RST Pin=U3-11
Added Pin To Net: NetName=SPI/CS-DIS Pin=U3-12
Added Pin To Net: NetName=GND Pin=U3-13
Added Pin To Net: NetName=SPI/SCK Pin=U3-14
Added Pin To Net: NetName=SPI/MISO Pin=U3-16
Added Pin To Net: NetName=GND Pin=U3-18
Added Pin To Net: NetName=SPI/MOSI Pin=U3-20
Added Pin To Net: NetName=SPI/CS-SD Pin=U3-21
Added Pin To Net: NetName=TCH3 Pin=U3-22
Added Pin To Net: NetName=GND Pin=U3-23
Added Pin To Net: NetName=TCH4 Pin=U3-24
Added Pin To Net: NetName=TCH1 Pin=U3-25
Added Pin To Net: NetName=TCH2 Pin=U3-26
Added Pin To Net: NetName=RESET Pin=U3-27
Added Pin To Net: NetName=GND Pin=U3-28
Added Pin To Net: NetName=EXTIN Pin=U3-29
Added Pin To Net: NetName=I2C/SDA Pin=U3-31
Added Pin To Net: NetName=I2C/SCL Pin=U3-32
Added Pin To Net: NetName=GND Pin=U3-33
Added Pin To Net: NetName=ADC2 Pin=U3-34
Added Pin To Net: NetName=3V3-REF Pin=U3-35
Added Pin To Net: NetName=3V3 Pin=U3-36
Added Pin To Net: NetName=GND Pin=U3-38
Added Pin To Net: NetName=5VCC Pin=U3-39
Added Pin To Net: NetName=ADC2 Pin=U4-1
Added Pin To Net: NetName=GND Pin=U4-2
Added Pin To Net: NetName=NetC10_2 Pin=U4-3
Added Pin To Net: NetName=VIN- Pin=U4-4
Added Pin To Net: NetName=5VCC Pin=U4-5
Added Pin To Net: NetName=5VCC Pin=U5-1
Added Pin To Net: NetName=GND Pin=U5-2
Added Pin To Net: NetName=CONT Pin=U5-3
Added Pin To Net: NetName=3V3-REF Pin=U5-5
Added Pin To Net: NetName=3V3 Pin=U6-1
Added Pin To Net: NetName=RESET Pin=U6-2
Added Pin To Net: NetName=EXTIN Pin=U6-5
Added Pin To Net: NetName=3V3 Pin=U6-7
Added Pin To Net: NetName=GND Pin=U6-8
Added Pin To Net: NetName=UART/RX Pin=U6-9
Added Pin To Net: NetName=UART/TX Pin=U6-10
Added Pin To Net: NetName=I2C/SCL Pin=U6-11
Added Pin To Net: NetName=I2C/SDA Pin=U6-12
Added Member To Class: ClassName=AirScout_SchematicsV2.0 Member=Component C1 C1206C105K3RACTU
Added Member To Class: ClassName=AirScout_SchematicsV2.0 Member=Component C2 C1206C105K3RACTU
Added Member To Class: ClassName=AirScout_SchematicsV2.0 Member=Component C3 CL31B225KBHNNNE
Added Member To Class: ClassName=AirScout_SchematicsV2.0 Member=Component C4 C1206C104K5RACTU
Added Member To Class: ClassName=AirScout_SchematicsV2.0 Member=Component C5 CL31B475KBHNFNE
Added Member To Class: ClassName=AirScout_SchematicsV2.0 Member=Component C6 CL31B106KAHNNNE
Added Member To Class: ClassName=AirScout_SchematicsV2.0 Member=Component C7 C1206C104K5RACTU
Added Member To Class: ClassName=AirScout_SchematicsV2.0 Member=Component C8 C1206C105K3RACTU
Added Member To Class: ClassName=AirScout_SchematicsV2.0 Member=Component C9 CL31B106KAHNNNE
Added Member To Class: ClassName=AirScout_SchematicsV2.0 Member=Component C10 C1206C104K5RACTU
Added Member To Class: ClassName=AirScout_SchematicsV2.0 Member=Component C11 C1206C104K5RACTU
Added Member To Class: ClassName=AirScout_SchematicsV2.0 Member=Component C12 CL31B475KBHNFNE
Added Member To Class: ClassName=AirScout_SchematicsV2.0 Member=Component C13 CL31B106KAHNNNE
Added Member To Class: ClassName=AirScout_SchematicsV2.0 Member=Component C14 CL31B106KAHNNNE
Added Member To Class: ClassName=AirScout_SchematicsV2.0 Member=Component C15 CL31B106KAHNNNE
Added Member To Class: ClassName=AirScout_SchematicsV2.0 Member=Component C16 C1206C104K5RACTU
Added Member To Class: ClassName=AirScout_SchematicsV2.0 Member=Component C17 C1206C104K5RACTU
Added Member To Class: ClassName=AirScout_SchematicsV2.0 Member=Component C18 C1206C104K5RACTU
Added Member To Class: ClassName=AirScout_SchematicsV2.0 Member=Component C19 C1206C104K5RACTU
Added Member To Class: ClassName=AirScout_SchematicsV2.0 Member=Component C20 CL31B106KAHNNNE
Added Member To Class: ClassName=AirScout_SchematicsV2.0 Member=Component C21 C1206C104K5RACTU
Added Member To Class: ClassName=AirScout_SchematicsV2.0 Member=Component C22 CL31A476MQHNNNE
Added Member To Class: ClassName=AirScout_SchematicsV2.0 Member=Component C23 CL31B106KAHNNNE
Added Member To Class: ClassName=AirScout_SchematicsV2.0 Member=Component C24 C1206C104K5RACTU
Added Member To Class: ClassName=AirScout_SchematicsV2.0 Member=Component D1 SMBJ14CA-13-F
Added Member To Class: ClassName=AirScout_SchematicsV2.0 Member=Component J1 B6B-PH-K-S
Added Member To Class: ClassName=AirScout_SchematicsV2.0 Member=Component J2 B02B-PASK-1
Added Member To Class: ClassName=AirScout_SchematicsV2.0 Member=Component J3 0705430013
Added Member To Class: ClassName=AirScout_SchematicsV2.0 Member=Component J4 4x1 vertical Connector Box
Added Member To Class: ClassName=AirScout_SchematicsV2.0 Member=Component J5 0705430002
Added Member To Class: ClassName=AirScout_SchematicsV2.0 Member=Component J6 0705430002
Added Member To Class: ClassName=AirScout_SchematicsV2.0 Member=Component J7 0705430002
Added Member To Class: ClassName=AirScout_SchematicsV2.0 Member=Component J8 0705430002
Added Member To Class: ClassName=AirScout_SchematicsV2.0 Member=Component L1 PA4332.103NLT
Added Member To Class: ClassName=AirScout_SchematicsV2.0 Member=Component R1 RC1206FR-0710KL
Added Member To Class: ClassName=AirScout_SchematicsV2.0 Member=Component R2 RC1206FR-0710KL
Added Member To Class: ClassName=AirScout_SchematicsV2.0 Member=Component R3 RMCF1206JT5K10
Added Member To Class: ClassName=AirScout_SchematicsV2.0 Member=Component R4 RMCF1206JT5K10
Added Member To Class: ClassName=AirScout_SchematicsV2.0 Member=Component R5 RC1206FR-0710KL
Added Member To Class: ClassName=AirScout_SchematicsV2.0 Member=Component R6 RNCP1206FTD1K00
Added Member To Class: ClassName=AirScout_SchematicsV2.0 Member=Component R7 RMCF1206JT56K0
Added Member To Class: ClassName=AirScout_SchematicsV2.0 Member=Component R8 RC1206FR-0710KL
Added Member To Class: ClassName=AirScout_SchematicsV2.0 Member=Component R9 RC1206JR-07200KL
Added Member To Class: ClassName=AirScout_SchematicsV2.0 Member=Component R10 RC1206JR-07220KL
Added Member To Class: ClassName=AirScout_SchematicsV2.0 Member=Component R11 RC1206JR-07220KL
Added Member To Class: ClassName=AirScout_SchematicsV2.0 Member=Component R12 RC1206FR-0710KL
Added Member To Class: ClassName=AirScout_SchematicsV2.0 Member=Component R13 RC1206FR-0710KL
Added Member To Class: ClassName=AirScout_SchematicsV2.0 Member=Component R14 RC1206FR-0710KL
Added Member To Class: ClassName=AirScout_SchematicsV2.0 Member=Component R15 RC1206FR-0710KL
Added Member To Class: ClassName=AirScout_SchematicsV2.0 Member=Component R16 RC1206FR-0710KL
Added Member To Class: ClassName=AirScout_SchematicsV2.0 Member=Component R17 RC1206FR-0710KL
Added Member To Class: ClassName=AirScout_SchematicsV2.0 Member=Component R18 RC1206FR-0710KL
Added Member To Class: ClassName=AirScout_SchematicsV2.0 Member=Component R19 RC1206FR-0710KL
Added Member To Class: ClassName=AirScout_SchematicsV2.0 Member=Component S1 B5B-ZR
Added Member To Class: ClassName=AirScout_SchematicsV2.0 Member=Component S2 SSM-106-F-SV
Added Member To Class: ClassName=AirScout_SchematicsV2.0 Member=Component S3 SSM-106-F-SV
Added Member To Class: ClassName=AirScout_SchematicsV2.0 Member=Component U1 BQ21040DBVR
Added Member To Class: ClassName=AirScout_SchematicsV2.0 Member=Component U2 TLV61046ADBVR
Added Member To Class: ClassName=AirScout_SchematicsV2.0 Member=Component U3 SSM-120-L-SV-BE-K-TR
Added Member To Class: ClassName=AirScout_SchematicsV2.0 Member=Component U4 MCP6006T-E/OT
Added Member To Class: ClassName=AirScout_SchematicsV2.0 Member=Component U5 TCR2EF33,LM(CT
Added Member To Class: ClassName=AirScout_SchematicsV2.0 Member=Component U6 FM20206VBNN; SSM-106-F-SV
