Added Component: Designator=U6(CAM8MQ-Mod)
Add component (AddParameter): Name = "ComponentLink1Description"; Value = "Datasheet IC"; VariantName = "[No Variations]"
Add component (AddParameter): Name = "ComponentLink1URL"; Value = "chrome-extension://efaidnbmnnnibpcajpcglclefindmkaj/https://content.u-blox.com/sites/default/files/CAM-M8-FW3_DataSheet_%28UBX-15031574%29.pdf"; VariantName = "[No Variations]"
Added Pin To Net: NetName=3V3 Pin=U6-1
Added Pin To Net: NetName=RESET Pin=U6-2
Added Pin To Net: NetName=EXTIN Pin=U6-5
Added Pin To Net: NetName=3V3 Pin=U6-7
Added Pin To Net: NetName=GND Pin=U6-8
Added Pin To Net: NetName=UART/RX Pin=U6-9
Added Pin To Net: NetName=UART/TX Pin=U6-10
Added Pin To Net: NetName=I2C/SCL Pin=U6-11
Added Pin To Net: NetName=I2C/SDA Pin=U6-12
Added Member To Class: ClassName=AirScout_SchematicsV2.0 Member=Component C1 C1206C105K3RACTU
Added Member To Class: ClassName=AirScout_SchematicsV2.0 Member=Component C2 C1206C105K3RACTU
Added Member To Class: ClassName=AirScout_SchematicsV2.0 Member=Component C3 CL31B225KBHNNNE
Added Member To Class: ClassName=AirScout_SchematicsV2.0 Member=Component C4 C1206C104K5RACTU
Added Member To Class: ClassName=AirScout_SchematicsV2.0 Member=Component C5 CL31B475KBHNFNE
Added Member To Class: ClassName=AirScout_SchematicsV2.0 Member=Component C6 CL31B106KAHNNNE
Added Member To Class: ClassName=AirScout_SchematicsV2.0 Member=Component C7 C1206C104K5RACTU
Added Member To Class: ClassName=AirScout_SchematicsV2.0 Member=Component C8 C1206C105K3RACTU
Added Member To Class: ClassName=AirScout_SchematicsV2.0 Member=Component C9 CL31B106KAHNNNE
Added Member To Class: ClassName=AirScout_SchematicsV2.0 Member=Component C10 C1206C104K5RACTU
Added Member To Class: ClassName=AirScout_SchematicsV2.0 Member=Component C11 C1206C104K5RACTU
Added Member To Class: ClassName=AirScout_SchematicsV2.0 Member=Component C12 CL31B475KBHNFNE
Added Member To Class: ClassName=AirScout_SchematicsV2.0 Member=Component C13 CL31B106KAHNNNE
Added Member To Class: ClassName=AirScout_SchematicsV2.0 Member=Component C14 CL31B106KAHNNNE
Added Member To Class: ClassName=AirScout_SchematicsV2.0 Member=Component C15 CL31B106KAHNNNE
Added Member To Class: ClassName=AirScout_SchematicsV2.0 Member=Component C16 C1206C104K5RACTU
Added Member To Class: ClassName=AirScout_SchematicsV2.0 Member=Component C17 C1206C104K5RACTU
Added Member To Class: ClassName=AirScout_SchematicsV2.0 Member=Component C18 C1206C104K5RACTU
Added Member To Class: ClassName=AirScout_SchematicsV2.0 Member=Component C19 C1206C104K5RACTU
Added Member To Class: ClassName=AirScout_SchematicsV2.0 Member=Component C20 CL31B106KAHNNNE
Added Member To Class: ClassName=AirScout_SchematicsV2.0 Member=Component C21 C1206C104K5RACTU
Added Member To Class: ClassName=AirScout_SchematicsV2.0 Member=Component C22 CL31A476MQHNNNE
Added Member To Class: ClassName=AirScout_SchematicsV2.0 Member=Component C23 CL31B106KAHNNNE
Added Member To Class: ClassName=AirScout_SchematicsV2.0 Member=Component C24 C1206C104K5RACTU
Added Member To Class: ClassName=AirScout_SchematicsV2.0 Member=Component D1 SMBJ14CA-13-F
Added Member To Class: ClassName=AirScout_SchematicsV2.0 Member=Component J1 B6B-PH-K-S
Added Member To Class: ClassName=AirScout_SchematicsV2.0 Member=Component J2 B02B-PASK-1
Added Member To Class: ClassName=AirScout_SchematicsV2.0 Member=Component J3 0705430013
Added Member To Class: ClassName=AirScout_SchematicsV2.0 Member=Component J4 4x1 vertical Connector Box
Added Member To Class: ClassName=AirScout_SchematicsV2.0 Member=Component J5 0705430002
Added Member To Class: ClassName=AirScout_SchematicsV2.0 Member=Component J6 0705430002
Added Member To Class: ClassName=AirScout_SchematicsV2.0 Member=Component J7 0705430002
Added Member To Class: ClassName=AirScout_SchematicsV2.0 Member=Component J8 0705430002
Added Member To Class: ClassName=AirScout_SchematicsV2.0 Member=Component L1 PA4332.103NLT
Added Member To Class: ClassName=AirScout_SchematicsV2.0 Member=Component R1 RC1206FR-0710KL
Added Member To Class: ClassName=AirScout_SchematicsV2.0 Member=Component R2 RC1206FR-0710KL
Added Member To Class: ClassName=AirScout_SchematicsV2.0 Member=Component R3 RMCF1206JT5K10
Added Member To Class: ClassName=AirScout_SchematicsV2.0 Member=Component R4 RMCF1206JT5K10
Added Member To Class: ClassName=AirScout_SchematicsV2.0 Member=Component R5 RC1206FR-0710KL
Added Member To Class: ClassName=AirScout_SchematicsV2.0 Member=Component R6 RNCP1206FTD1K00
Added Member To Class: ClassName=AirScout_SchematicsV2.0 Member=Component R7 RMCF1206JT56K0
Added Member To Class: ClassName=AirScout_SchematicsV2.0 Member=Component R8 RC1206FR-0710KL
Added Member To Class: ClassName=AirScout_SchematicsV2.0 Member=Component R9 RC1206JR-07200KL
Added Member To Class: ClassName=AirScout_SchematicsV2.0 Member=Component R10 RC1206JR-07220KL
Added Member To Class: ClassName=AirScout_SchematicsV2.0 Member=Component R11 RC1206JR-07220KL
Added Member To Class: ClassName=AirScout_SchematicsV2.0 Member=Component R12 RC1206FR-0710KL
Added Member To Class: ClassName=AirScout_SchematicsV2.0 Member=Component R13 RC1206FR-0710KL
Added Member To Class: ClassName=AirScout_SchematicsV2.0 Member=Component R14 RC1206FR-0710KL
Added Member To Class: ClassName=AirScout_SchematicsV2.0 Member=Component R15 RC1206FR-0710KL
Added Member To Class: ClassName=AirScout_SchematicsV2.0 Member=Component R16 RC1206FR-0710KL
Added Member To Class: ClassName=AirScout_SchematicsV2.0 Member=Component R17 RC1206FR-0710KL
Added Member To Class: ClassName=AirScout_SchematicsV2.0 Member=Component R18 RC1206FR-0710KL
Added Member To Class: ClassName=AirScout_SchematicsV2.0 Member=Component R19 RC1206FR-0710KL
Added Member To Class: ClassName=AirScout_SchematicsV2.0 Member=Component S1 B5B-ZR
Added Member To Class: ClassName=AirScout_SchematicsV2.0 Member=Component S2 SSM-106-F-SV
Added Member To Class: ClassName=AirScout_SchematicsV2.0 Member=Component S3 SSM-106-F-SV
Added Member To Class: ClassName=AirScout_SchematicsV2.0 Member=Component U1 BQ21040DBVR
Added Member To Class: ClassName=AirScout_SchematicsV2.0 Member=Component U2 TLV61046ADBVR
Added Member To Class: ClassName=AirScout_SchematicsV2.0 Member=Component U3 SSM-120-L-SV-BE-K-TR
Added Member To Class: ClassName=AirScout_SchematicsV2.0 Member=Component U4 MCP6006T-E/OT
Added Member To Class: ClassName=AirScout_SchematicsV2.0 Member=Component U5 TCR2EF33,LM(CT
Added Member To Class: ClassName=AirScout_SchematicsV2.0 Member=Component U6 FM20206VBNN; SSM-106-F-SV
