Removed Pin From Net: NetName=5VCC Pin=C1-1
Removed Pin From Net: NetName=GND Pin=C1-2
Removed Pin From Net: NetName=VCC Pin=C3-1
Removed Pin From Net: NetName=VBUS Pin=C4-1
Removed Pin From Net: NetName=VCC Pin=C5-2
Removed Pin From Net: NetName=GND Pin=C7-2
Removed Pin From Net: NetName=3V3 Pin=C8-1
Removed Pin From Net: NetName=GND Pin=C8-2
Removed Pin From Net: NetName=3V3 Pin=C9-1
Removed Pin From Net: NetName=GND Pin=C9-2
Removed Pin From Net: NetName=GND Pin=C10-2
Removed Pin From Net: NetName=3V3 Pin=C11-1
Removed Pin From Net: NetName=GND Pin=C11-2
Removed Pin From Net: NetName=5VCC Pin=C12-1
Removed Pin From Net: NetName=GND Pin=C12-2
Removed Pin From Net: NetName=3V3 Pin=C13-1
Removed Pin From Net: NetName=GND Pin=C13-2
Removed Pin From Net: NetName=3V3 Pin=C14-1
Removed Pin From Net: NetName=GND Pin=C14-2
Removed Pin From Net: NetName=5VCC Pin=C15-1
Removed Pin From Net: NetName=GND Pin=C15-2
Removed Pin From Net: NetName=5VCC Pin=C16-1
Removed Pin From Net: NetName=GND Pin=C16-2
Removed Pin From Net: NetName=5VCC Pin=C17-1
Removed Pin From Net: NetName=GND Pin=C17-2
Removed Pin From Net: NetName=3V3 Pin=C18-1
Removed Pin From Net: NetName=GND Pin=C18-2
Removed Pin From Net: NetName=5VCC Pin=D1-A
Removed Pin From Net: NetName=SPI/MISO Pin=J3-5
Removed Pin From Net: NetName=SPI/SCK Pin=J3-7
Removed Pin From Net: NetName=LED Pin=J3-8
Removed Pin From Net: NetName=DC Pin=J3-9
Removed Pin From Net: NetName=SPI/MOSI Pin=J3-10
Removed Pin From Net: NetName=RST Pin=J3-12
Removed Pin From Net: NetName=3V3 Pin=J3-13
Removed Pin From Net: NetName=GND Pin=J3-14
Removed Pin From Net: NetName=3V3 Pin=J4-1
Removed Pin From Net: NetName=TCH1 Pin=J4-2
Removed Pin From Net: NetName=GND Pin=J4-3
Removed Pin From Net: NetName=TCH2 Pin=J5-2
Removed Pin From Net: NetName=TCH3 Pin=J6-2
Removed Pin From Net: NetName=TCH4 Pin=J7-2
Removed Pin From Net: NetName=GND Pin=LED1-2
Removed Pin From Net: NetName=GND Pin=LED2-2
Removed Pin From Net: NetName=5VCC Pin=R1-1
Removed Pin From Net: NetName=FB Pin=R2-1
Removed Pin From Net: NetName=5VCC Pin=R2-2
Removed Pin From Net: NetName=VCC Pin=R3-2
Removed Pin From Net: NetName=FB Pin=R4-2
Removed Pin From Net: NetName=CC1 Pin=R5-2
Removed Pin From Net: NetName=CC2 Pin=R6-2
Removed Pin From Net: NetName=5VCC Pin=R9-2
Removed Pin From Net: NetName=RESET Pin=R11-1
Removed Pin From Net: NetName=3V3 Pin=R11-2
Removed Pin From Net: NetName=GND Pin=R12-1
Removed Pin From Net: NetName=I2C/SCL Pin=R15-1
Removed Pin From Net: NetName=3V3 Pin=R16-1
Removed Pin From Net: NetName=I2C/SDA Pin=R16-2
Removed Pin From Net: NetName=3V3 Pin=R17-1
Removed Pin From Net: NetName=CHG Pin=R17-2
Removed Pin From Net: NetName=GND Pin=RSNS1-1
Removed Pin From Net: NetName=GND Pin=SW1-1
Removed Pin From Net: NetName=GND Pin=U1-2
Removed Pin From Net: NetName=I2C/SDA Pin=U1-5
Removed Pin From Net: NetName=I2C/SCL Pin=U1-6
Removed Pin From Net: NetName=VCC Pin=U3-2
Removed Pin From Net: NetName=CHG Pin=U3-3
Removed Pin From Net: NetName=VBUS Pin=U3-6
Removed Pin From Net: NetName=UART/TX Pin=U4-1
Removed Pin From Net: NetName=UART/RX Pin=U4-2
Removed Pin From Net: NetName=GND Pin=U4-3
Removed Pin From Net: NetName=I2C/SDA Pin=U4-6
Removed Pin From Net: NetName=I2C/SCL Pin=U4-7
Removed Pin From Net: NetName=GND Pin=U4-8
Removed Pin From Net: NetName=DC Pin=U4-10
Removed Pin From Net: NetName=LED Pin=U4-11
Removed Pin From Net: NetName=RST Pin=U4-12
Removed Pin From Net: NetName=GND Pin=U4-13
Removed Pin From Net: NetName=CHG Pin=U4-16
Removed Pin From Net: NetName=GND Pin=U4-18
Removed Pin From Net: NetName=SPI/MOSI Pin=U4-21
Removed Pin From Net: NetName=GND Pin=U4-23
Removed Pin From Net: NetName=SPI/SCK Pin=U4-24
Removed Pin From Net: NetName=SPI/MISO Pin=U4-25
Removed Pin From Net: NetName=TCH1 Pin=U4-26
Removed Pin From Net: NetName=TCH2 Pin=U4-27
Removed Pin From Net: NetName=GND Pin=U4-28
Removed Pin From Net: NetName=TCH3 Pin=U4-29
Removed Pin From Net: NetName=TCH4 Pin=U4-31
Removed Pin From Net: NetName=EXTIN Pin=U4-32
Removed Pin From Net: NetName=GND Pin=U4-33
Removed Pin From Net: NetName=RESET Pin=U4-34
Removed Pin From Net: NetName=3V3 Pin=U4-36
Removed Pin From Net: NetName=GND Pin=U4-38
Removed Pin From Net: NetName=3V3 Pin=U5-1
Removed Pin From Net: NetName=RESET Pin=U5-2
Removed Pin From Net: NetName=EXTIN Pin=U5-5
Removed Pin From Net: NetName=3V3 Pin=U5-7
Removed Pin From Net: NetName=GND Pin=U5-8
Removed Pin From Net: NetName=UART/RX Pin=U5-9
Removed Pin From Net: NetName=UART/TX Pin=U5-10
Removed Pin From Net: NetName=I2C/SCL Pin=U5-11
Removed Pin From Net: NetName=I2C/SDA Pin=U5-12
Removed Member From Class: ClassName=AirScout_SchematicsV0_Spannungsversorgung Member=D1
Removed Member From Class: ClassName=AirScout_SchematicsV0_Spannungsversorgung Member=LED1
Removed Member From Class: ClassName=AirScout_SchematicsV0_Spannungsversorgung Member=LED2
Removed Member From Class: ClassName=AirScout_SchematicsV0_Spannungsversorgung Member=RSNS1
Removed Member From Class: ClassName=AirScout_SchematicsV0_Spannungsversorgung Member=SW1
Change Component Footprint: Designator=U5 Old Footprint=CAM8MQ-Mod New Footprint=SOT-25   SMV_TOS
Change Component Footprint: Designator=J3 Old Footprint=CONN_SDA-70543-XXXX_14_MOL New Footprint=CONN_14POL_SAMTEC
Change Component Footprint: Designator=J5 Old Footprint=MOLEX_70543-0037 New Footprint=CONN_3POL_SAMTEC
Change Component Footprint: Designator=J6 Old Footprint=MOLEX_70543-0037 New Footprint=CONN_3POL_SAMTEC
Change Component Footprint: Designator=J7 Old Footprint=MOLEX_70543-0037 New Footprint=CONN_3POL_SAMTEC
Change Component Footprint: Designator=J4 Old Footprint=MOLEX_70543-0037 New Footprint=JST_B4B-XH-A
Change Component Footprint: Designator=U4 Old Footprint=PicoW SC019 New Footprint=SOT23-5-AP2202K_DIO-M
Change Component Footprint: Designator=U1 Old Footprint=SOP65P640X110-8N New Footprint=SOT95P280X145-6N
Change Component Footprint: Designator=U3 Old Footprint=SOT95P280X145-6N New Footprint=PicoW SC019
Change Component Comment : Designator=J4 Old Comment=0705430002 New Comment=4x1 vertical Connector Box
Change Component Comment : Designator=U3 Old Comment=BQ21040DBVR New Comment=SSM-120-L-SV-BE-K-TR
Change Component Comment : Designator=C2 Old Comment=C1206C104K5RACTU New Comment=C1206C105K3RACTU
Change Component Comment : Designator=C14 Old Comment=C1206C104K5RACTU New Comment=CL31B106KAHNNNE
Change Component Comment : Designator=C4 Old Comment=C1206C105K3RACTU New Comment=C1206C104K5RACTU
Change Component Comment : Designator=C3 Old Comment=C1206C105K3RACTU New Comment=CL31B225KBHNNNE
Change Component Comment : Designator=C7 Old Comment=CL31B106KAHNNNE New Comment=C1206C104K5RACTU
Change Component Comment : Designator=C11 Old Comment=CL31B106KAHNNNE New Comment=C1206C104K5RACTU
Change Component Comment : Designator=C16 Old Comment=CL31B106KAHNNNE New Comment=C1206C104K5RACTU
Change Component Comment : Designator=C8 Old Comment=CL31B106KAHNNNE New Comment=C1206C105K3RACTU
Change Component Comment : Designator=C12 Old Comment=CL31B106KAHNNNE New Comment=CL31B475KBHNFNE
Change Component Comment : Designator=C5 Old Comment=CL31B225KBHNNNE New Comment=CL31B475KBHNFNE
Change Component Comment : Designator=C18 Old Comment=CL31B475KBHNFNE New Comment=C1206C104K5RACTU
Change Component Comment : Designator=C1 Old Comment=CL31B475KBHNFNE New Comment=C1206C105K3RACTU
Change Component Comment : Designator=C6 Old Comment=CL31B475KBHNFNE New Comment=CL31B106KAHNNNE
Change Component Comment : Designator=R1 Old Comment=CRGCQ1206F470R New Comment=RC1206FR-0710KL
Change Component Comment : Designator=U1 Old Comment=DS2782E+ New Comment=BQ21040DBVR
Change Component Comment : Designator=S2 Old Comment=EVAL BOARD BME680 SENSOR New Comment=SSM-106-F-SV
Change Component Comment : Designator=L1 Old Comment=FDSD0420-H-100M=P3 New Comment=PA4332.103NLT
Change Component Comment : Designator=R7 Old Comment=RC1206FR-0710KL New Comment=RMCF1206JT56K0
Change Component Comment : Designator=R9 Old Comment=RC1206JR-075K6L New Comment=RMCF1206FT12K1
Change Component Comment : Designator=R5 Old Comment=RMCF1206JT5K10 New Comment=RC1206FR-0710KL
Change Component Comment : Designator=R6 Old Comment=RMCF1206JT5K10 New Comment=RNCP1206FTD1K00
Change Component Comment : Designator=R4 Old Comment=RMCF1206JT56K0 New Comment=RMCF1206JT5K10
Change Component Comment : Designator=R13 Old Comment=RMCF1206JT330R New Comment=RC1206FR-0710KL
Change Component Comment : Designator=R14 Old Comment=RMCF1206JT330R New Comment=RC1206FR-0710KL
Change Component Comment : Designator=R3 Old Comment=RNCP1206FTD1K00 New Comment=RMCF1206JT5K10
Change Component Comment : Designator=U5 Old Comment=SSM-106-F-SV New Comment=TCR2EF33,LM(CT
Change Component Comment : Designator=U4 Old Comment=SSM-120-L-SV-BE-K-TR New Comment=MCP6006T-E/OT
Change component parameters: Designator = "C1" ("C1"); Footprint = "CAPC340180_140N_KEM"; UniqueID = "\JAZJKWJK" ("\JAZJKWJK")
Change component parameters (AddParameter): Name = "Value"; Value = "1uF"; VariantName = "[No Variations]"
Change component parameters: Designator = "C2" ("C2"); Footprint = "CAPC340180_140N_KEM"; UniqueID = "\TFQUDUDS" ("\TFQUDUDS")
Change component parameters (AddParameter): Name = "Value"; Value = "1uF"; VariantName = "[No Variations]"
Change component parameters: Designator = "C3" ("C3"); Footprint = "CAPC340180_140N_KEM"; UniqueID = "\UVWUYTOO" ("\UVWUYTOO")
Change component parameters (AddParameter): Name = "Value"; Value = "2.2uF"; VariantName = "[No Variations]"
Change component parameters: Designator = "C4" ("C4"); Footprint = "CAPC340180_140N_KEM"; UniqueID = "\XGWNLBRU" ("\XGWNLBRU")
Change component parameters (AddParameter): Name = "Value"; Value = "0.1uF"; VariantName = "[No Variations]"
Change component parameters: Designator = "C5" ("C5"); Footprint = "CAPC340180_140N_KEM"; UniqueID = "\UKUOZLIT" ("\UKUOZLIT")
Change component parameters (AddParameter): Name = "Value"; Value = "4.7uF"; VariantName = "[No Variations]"
Change component parameters: Designator = "C6" ("C6"); Footprint = "CAPC340180_140N_KEM"; UniqueID = "\VDLQONSZ" ("\VDLQONSZ")
Change component parameters (AddParameter): Name = "Value"; Value = "10uF"; VariantName = "[No Variations]"
Change component parameters: Designator = "C7" ("C7"); Footprint = "CAPC340180_140N_KEM"; UniqueID = "\CNPQDHZO" ("\CNPQDHZO")
Change component parameters (AddParameter): Name = "Value"; Value = "0.1uF"; VariantName = "[No Variations]"
Change component parameters: Designator = "C8" ("C8"); Footprint = "CAPC340180_140N_KEM"; UniqueID = "\KDCLHSHR" ("\KDCLHSHR")
Change component parameters (AddParameter): Name = "Value"; Value = "1uF"; VariantName = "[No Variations]"
Change component parameters: Designator = "C11" ("C11"); Footprint = "CAPC340180_140N_KEM"; UniqueID = "\LTGKUMEC" ("\LTGKUMEC")
Change component parameters (AddParameter): Name = "Value"; Value = "0.1uF"; VariantName = "[No Variations]"
Change component parameters: Designator = "C12" ("C12"); Footprint = "CAPC340180_140N_KEM"; UniqueID = "\OCFSSBTT" ("\OCFSSBTT")
Change component parameters (AddParameter): Name = "Value"; Value = "4.7uF"; VariantName = "[No Variations]"
Change component parameters: Designator = "C14" ("C14"); Footprint = "CAPC340180_140N_KEM"; UniqueID = "\HWVKGYAG" ("\HWVKGYAG")
Change component parameters (AddParameter): Name = "Value"; Value = "10uF"; VariantName = "[No Variations]"
Change component parameters: Designator = "C15" ("C15"); Footprint = "CAPC340180_140N_KEM"; UniqueID = "\ZESXXHVI" ("\ZESXXHVI")
Change component parameters (AddParameter): Name = "Value"; Value = "10uF"; VariantName = "[No Variations]"
Change component parameters: Designator = "C16" ("C16"); Footprint = "CAPC340180_140N_KEM"; UniqueID = "\LQQIKEYV" ("\LQQIKEYV")
Change component parameters (AddParameter): Name = "Value"; Value = "0.1uF"; VariantName = "[No Variations]"
Change component parameters: Designator = "C18" ("C18"); Footprint = "CAPC340180_140N_KEM"; UniqueID = "\XYFMUCAM" ("\XYFMUCAM")
Change component parameters (AddParameter): Name = "Value"; Value = "0.1uF"; VariantName = "[No Variations]"
Change component parameters: Designator = "R1" ("R1"); Footprint = "RESC3116X65N"; UniqueID = "\MTSEADHS" ("\MTSEADHS")
Change component parameters (AddParameter): Name = "Value"; Value = "10k"; VariantName = "[No Variations]"
Change component parameters: Designator = "R3" ("R3"); Footprint = "RESC3116X65N"; UniqueID = "\JOBDAECF" ("\JOBDAECF")
Change component parameters (AddParameter): Name = "Value"; Value = "5k1"; VariantName = "[No Variations]"
Change component parameters: Designator = "R4" ("R4"); Footprint = "RESC3116X65N"; UniqueID = "\WPANFCMJ" ("\WPANFCMJ")
Change component parameters (AddParameter): Name = "Value"; Value = "5k1"; VariantName = "[No Variations]"
Change component parameters: Designator = "R5" ("R5"); Footprint = "RESC3116X65N"; UniqueID = "\TJWIUCLC" ("\TJWIUCLC")
Change component parameters (AddParameter): Name = "Value"; Value = "10k"; VariantName = "[No Variations]"
Change component parameters: Designator = "R6" ("R6"); Footprint = "RESC3116X65N"; UniqueID = "\RSIBBEVA" ("\RSIBBEVA")
Change component parameters (AddParameter): Name = "Value"; Value = "1k"; VariantName = "[No Variations]"
Change component parameters: Designator = "R7" ("R7"); Footprint = "RESC3116X65N"; UniqueID = "\UCYNARCV" ("\UCYNARCV")
Change component parameters (AddParameter): Name = "Value"; Value = "56k"; VariantName = "[No Variations]"
Change component parameters: Designator = "R8" ("R8"); Footprint = "RESC3116X65N"; UniqueID = "\SQPMJWAD" ("\SQPMJWAD")
Change component parameters (AddParameter): Name = "Value"; Value = "10k"; VariantName = "[No Variations]"
Change component parameters: Designator = "R9" ("R9"); Footprint = "RESC3116X65N"; UniqueID = "\NGVUCMDS" ("\NGVUCMDS")
Change component parameters (AddParameter): Name = "Value"; Value = "12k"; VariantName = "[No Variations]"
Change component parameters: Designator = "R13" ("R13"); Footprint = "RESC3116X65N"; UniqueID = "\LIJAJDKS" ("\LIJAJDKS")
Change component parameters (AddParameter): Name = "Value"; Value = "10k"; VariantName = "[No Variations]"
Change component parameters: Designator = "R14" ("R14"); Footprint = "RESC3116X65N"; UniqueID = "\JHKUEPPV" ("\JHKUEPPV")
Change component parameters (AddParameter): Name = "Value"; Value = "10k"; VariantName = "[No Variations]"
Change component parameters: Designator = "U1" ("U1"); Footprint = "SOP65P640X110-8N"; UniqueID = "\PGHJTKOQ" ("\PGHJTKOQ")
Change component parameters (AddParameter): Name = "Check_prices"; Value = "https://www.snapeda.com/parts/BQ21040DBVR/Texas+Instruments/view-part/?ref=eda"; VariantName = "[No Variations]"
Change component parameters (AddParameter): Name = "MF"; Value = "Texas Instruments"; VariantName = "[No Variations]"
Change component parameters (AddParameter): Name = "MP"; Value = "BQ21040DBVR"; VariantName = "[No Variations]"
Change component parameters (AddParameter): Name = "Package"; Value = "SOT-23-6 Texas Instruments"; VariantName = "[No Variations]"
Change component parameters (AddParameter): Name = "SnapEDA_Link"; Value = "https://www.snapeda.com/parts/BQ21040DBVR/Texas+Instruments/view-part/?ref=snap"; VariantName = "[No Variations]"
Change component parameters (AddParameter): Name = "Value"; Value = ""; VariantName = "[No Variations]"
Change component parameters: Designator = "U3" ("U3"); Footprint = "SOT95P280X145-6N"; UniqueID = "\SNQADGTX" ("\SNQADGTX")
Change component parameters (AddParameter): Name = "ComponentLink1Description"; Value = "EU Component"; VariantName = "[No Variations]"
Change component parameters (AddParameter): Name = "ComponentLink1URL"; Value = "https://www.reichelt.at/at/de/shop/produkt/raspberry_pi_pico_rp2040_cortex-m0_microusb-295706"; VariantName = "[No Variations]"
Change component parameters (AddParameter): Name = "ComponentLink2Description"; Value = "Datasheet"; VariantName = "[No Variations]"
Change component parameters (AddParameter): Name = "ComponentLink2URL"; Value = "chrome-extension://efaidnbmnnnibpcajpcglclefindmkaj/https://datasheets.raspberrypi.com/picow/pico-w-datasheet.pdf"; VariantName = "[No Variations]"
Change component parameters: Designator = "U4" ("U4"); Footprint = "PicoW SC019"; UniqueID = "\BVHFWZTM" ("\BVHFWZTM")
Change component parameters: Designator = "U5" ("U5"); Footprint = "CAM8MQ-Mod"; UniqueID = "\KNWPVUVJ" ("\KNWPVUVJ")
Change component parameters (AddParameter): Name = "Copyright"; Value = "Copyright (C) 2025 Ultra Librarian. All rights reserved."; VariantName = "[No Variations]"
Change component parameters (AddParameter): Name = "Manufacturer_Name"; Value = "Toshiba Electronic Devices & Storage Corp."; VariantName = "[No Variations]"
Change component parameters (AddParameter): Name = "Manufacturer_Part_Number"; Value = "TCR2EF33,LM(CT"; VariantName = "[No Variations]"
Change component parameters (AddParameter): Name = "RefDes"; Value = "RefDes"; VariantName = "[No Variations]"
Change component parameters (AddParameter): Name = "Type"; Value = "Type"; VariantName = "[No Variations]"
Added Component: Designator=C19(CAPC340180_140N_KEM)
Add component (AddParameter): Name = "Value"; Value = "0.1uF"; VariantName = "[No Variations]"
Added Component: Designator=C20(CAPC340180_140N_KEM)
Add component (AddParameter): Name = "Value"; Value = "10uF"; VariantName = "[No Variations]"
Added Component: Designator=C21(CAPC340180_140N_KEM)
Add component (AddParameter): Name = "Value"; Value = "0.1uF"; VariantName = "[No Variations]"
Added Component: Designator=C22(CAPC340180_140N_KEM)
Add component (AddParameter): Name = "Value"; Value = "47uF"; VariantName = "[No Variations]"
Added Component: Designator=C23(CAPC340180_140N_KEM)
Add component (AddParameter): Name = "Value"; Value = "10uF"; VariantName = "[No Variations]"
Added Component: Designator=C24(CAPC340180_140N_KEM)
Add component (AddParameter): Name = "Value"; Value = "0.1uF"; VariantName = "[No Variations]"
Added Component: Designator=J8(CONN_3POL_SAMTEC)
Added Component: Designator=R18(RESC3116X65N)
Add component (AddParameter): Name = "Value"; Value = "10k"; VariantName = "[No Variations]"
Added Component: Designator=R19(RESC3116X65N)
Add component (AddParameter): Name = "Value"; Value = "10k"; VariantName = "[No Variations]"
Added Component: Designator=U6(CAM8MQ-Mod)
Add component (AddParameter): Name = "ComponentLink1Description"; Value = "Datasheet IC"; VariantName = "[No Variations]"
Add component (AddParameter): Name = "ComponentLink1URL"; Value = "chrome-extension://efaidnbmnnnibpcajpcglclefindmkaj/https://content.u-blox.com/sites/default/files/CAM-M8-FW3_DataSheet_%28UBX-15031574%29.pdf"; VariantName = "[No Variations]"
Added Pin To Net: NetName=GND Pin=C1-1
Added Pin To Net: NetName=VBUS Pin=C1-2
Added Pin To Net: NetName=GND Pin=C2-1
Added Pin To Net: NetName=VCC Pin=C2-2
Added Pin To Net: NetName=GND Pin=C3-1
Added Pin To Net: NetName=VCC Pin=C3-2
Added Pin To Net: NetName=GND Pin=C4-1
Added Pin To Net: NetName=5VCC Pin=C5-2
Added Pin To Net: NetName=GND Pin=C7-1
Added Pin To Net: NetName=5VCC Pin=C7-2
Added Pin To Net: NetName=GND Pin=C8-1
Added Pin To Net: NetName=GND Pin=C9-1
Added Pin To Net: NetName=3V3 Pin=C9-2
Added Pin To Net: NetName=GND Pin=C10-1
Added Pin To Net: NetName=GND Pin=C11-1
Added Pin To Net: NetName=5VCC Pin=C11-2
Added Pin To Net: NetName=GND Pin=C12-1
Added Pin To Net: NetName=3V3 Pin=C12-2
Added Pin To Net: NetName=GND Pin=C13-1
Added Pin To Net: NetName=3V3 Pin=C13-2
Added Pin To Net: NetName=GND Pin=C14-1
Added Pin To Net: NetName=3V3 Pin=C14-2
Added Pin To Net: NetName=GND Pin=C15-1
Added Pin To Net: NetName=5VCC Pin=C15-2
Added Pin To Net: NetName=GND Pin=C16-1
Added Pin To Net: NetName=GND Pin=C17-1
Added Pin To Net: NetName=GND Pin=C18-1
Added Pin To Net: NetName=GND Pin=C19-1
Added Pin To Net: NetName=GND Pin=C20-1
Added Pin To Net: NetName=3V3 Pin=C20-2
Added Pin To Net: NetName=GND Pin=C21-1
Added Pin To Net: NetName=3V3 Pin=C21-2
Added Pin To Net: NetName=GND Pin=C22-1
Added Pin To Net: NetName=5VCC Pin=C22-2
Added Pin To Net: NetName=GND Pin=C23-1
Added Pin To Net: NetName=5VCC Pin=C23-2
Added Pin To Net: NetName=GND Pin=C24-1
Added Pin To Net: NetName=5VCC Pin=C24-2
Added Pin To Net: NetName=GND Pin=J1-6
Added Pin To Net: NetName=GND Pin=J2-2
Added Pin To Net: NetName=SPI/MISO Pin=J3-6
Added Pin To Net: NetName=LED Pin=J3-7
Added Pin To Net: NetName=SPI/SCK Pin=J3-8
Added Pin To Net: NetName=SPI/MOSI Pin=J3-9
Added Pin To Net: NetName=DC Pin=J3-10
Added Pin To Net: NetName=RST Pin=J3-11
Added Pin To Net: NetName=GND Pin=J3-13
Added Pin To Net: NetName=3V3 Pin=J3-14
Added Pin To Net: NetName=SPI/SCK Pin=J4-1
Added Pin To Net: NetName=SPI/MISO Pin=J4-2
Added Pin To Net: NetName=SPI/MOSI Pin=J4-3
Added Pin To Net: NetName=3V3 Pin=J8-1
Added Pin To Net: NetName=GND Pin=J8-3
Added Pin To Net: NetName=FB Pin=R1-1
Added Pin To Net: NetName=5VCC Pin=R1-2
Added Pin To Net: NetName=CHG Pin=R2-1
Added Pin To Net: NetName=GND Pin=R3-1
Added Pin To Net: NetName=CC1 Pin=R3-2
Added Pin To Net: NetName=CC2 Pin=R4-2
Added Pin To Net: NetName=GND Pin=R5-1
Added Pin To Net: NetName=GND Pin=R6-1
Added Pin To Net: NetName=GND Pin=R7-1
Added Pin To Net: NetName=FB Pin=R7-2
Added Pin To Net: NetName=VCC Pin=R8-2
Added Pin To Net: NetName=3V3 Pin=R10-2
Added Pin To Net: NetName=GND Pin=R11-1
Added Pin To Net: NetName=I2C/SCL Pin=R12-1
Added Pin To Net: NetName=3V3 Pin=R12-2
Added Pin To Net: NetName=I2C/SDA Pin=R13-1
Added Pin To Net: NetName=3V3 Pin=R13-2
Added Pin To Net: NetName=CHG Pin=R14-1
Added Pin To Net: NetName=3V3 Pin=R14-2
Added Pin To Net: NetName=RESET Pin=R15-1
Added Pin To Net: NetName=TCH1 Pin=R16-2
Added Pin To Net: NetName=TCH2 Pin=R17-2
Added Pin To Net: NetName=TCH3 Pin=R18-2
Added Pin To Net: NetName=TCH4 Pin=R19-2
Added Pin To Net: NetName=VCC Pin=U1-2
Added Pin To Net: NetName=GND Pin=U1-5
Added Pin To Net: NetName=VBUS Pin=U1-6
Added Pin To Net: NetName=UART/TX Pin=U3-1
Added Pin To Net: NetName=UART/RX Pin=U3-2
Added Pin To Net: NetName=GND Pin=U3-3
Added Pin To Net: NetName=CHG Pin=U3-4
Added Pin To Net: NetName=I2C/SDA Pin=U3-6
Added Pin To Net: NetName=I2C/SCL Pin=U3-7
Added Pin To Net: NetName=GND Pin=U3-8
Added Pin To Net: NetName=LED Pin=U3-9
Added Pin To Net: NetName=DC Pin=U3-10
Added Pin To Net: NetName=RST Pin=U3-11
Added Pin To Net: NetName=GND Pin=U3-13
Added Pin To Net: NetName=TCH3 Pin=U3-14
Added Pin To Net: NetName=TCH4 Pin=U3-15
Added Pin To Net: NetName=GND Pin=U3-18
Added Pin To Net: NetName=SPI/MISO Pin=U3-21
Added Pin To Net: NetName=GND Pin=U3-23
Added Pin To Net: NetName=SPI/SCK Pin=U3-24
Added Pin To Net: NetName=SPI/MOSI Pin=U3-25
Added Pin To Net: NetName=TCH1 Pin=U3-26
Added Pin To Net: NetName=TCH2 Pin=U3-27
Added Pin To Net: NetName=GND Pin=U3-28
Added Pin To Net: NetName=RESET Pin=U3-29
Added Pin To Net: NetName=EXTIN Pin=U3-31
Added Pin To Net: NetName=GND Pin=U3-33
Added Pin To Net: NetName=3V3 Pin=U3-36
Added Pin To Net: NetName=GND Pin=U3-38
Added Pin To Net: NetName=5VCC Pin=U3-39
Added Pin To Net: NetName=GND Pin=U4-2
Added Pin To Net: NetName=3V3 Pin=U4-5
Added Pin To Net: NetName=5VCC Pin=U5-1
Added Pin To Net: NetName=GND Pin=U5-2
Added Pin To Net: NetName=3V3 Pin=U6-1
Added Pin To Net: NetName=RESET Pin=U6-2
Added Pin To Net: NetName=EXTIN Pin=U6-5
Added Pin To Net: NetName=3V3 Pin=U6-7
Added Pin To Net: NetName=GND Pin=U6-8
Added Pin To Net: NetName=UART/RX Pin=U6-9
Added Pin To Net: NetName=UART/TX Pin=U6-10
Added Pin To Net: NetName=I2C/SCL Pin=U6-11
Added Pin To Net: NetName=I2C/SDA Pin=U6-12
Added Pin To Net: NetName=3V3-REF Pin=C8-2
Added Pin To Net: NetName=3V3-REF Pin=U3-35
Added Pin To Net: NetName=3V3-REF Pin=U5-5
Added Net: Name=3V3-REF
Added Pin To Net: NetName=ADC2 Pin=R9-2
Added Pin To Net: NetName=ADC2 Pin=U3-34
Added Pin To Net: NetName=ADC2 Pin=U4-1
Added Net: Name=ADC2
Added Pin To Net: NetName=CONT Pin=U3-32
Added Pin To Net: NetName=CONT Pin=U5-3
Added Net: Name=CONT
Added Pin To Net: NetName=NetC4_2 Pin=C4-2
Added Pin To Net: NetName=NetC4_2 Pin=R2-2
Added Pin To Net: NetName=NetC4_2 Pin=U1-3
Added Net: Name=NetC4_2
Added Pin To Net: NetName=NetC10_2 Pin=C10-2
Added Pin To Net: NetName=NetC10_2 Pin=R8-1
Added Pin To Net: NetName=NetC10_2 Pin=U4-3
Added Net: Name=NetC10_2
Added Pin To Net: NetName=NetC16_2 Pin=C16-2
Added Pin To Net: NetName=NetC16_2 Pin=J5-2
Added Pin To Net: NetName=NetC16_2 Pin=R16-1
Added Net: Name=NetC16_2
Added Pin To Net: NetName=NetC17_2 Pin=C17-2
Added Pin To Net: NetName=NetC17_2 Pin=J6-2
Added Pin To Net: NetName=NetC17_2 Pin=R17-1
Added Net: Name=NetC17_2
Added Pin To Net: NetName=NetC18_2 Pin=C18-2
Added Pin To Net: NetName=NetC18_2 Pin=J7-2
Added Pin To Net: NetName=NetC18_2 Pin=R18-1
Added Net: Name=NetC18_2
Added Pin To Net: NetName=NetC19_2 Pin=C19-2
Added Pin To Net: NetName=NetC19_2 Pin=J8-2
Added Pin To Net: NetName=NetC19_2 Pin=R19-1
Added Net: Name=NetC19_2
Added Pin To Net: NetName=NetR5_2 Pin=R5-2
Added Pin To Net: NetName=NetR5_2 Pin=U1-1
Added Net: Name=NetR5_2
Added Pin To Net: NetName=NetR6_2 Pin=R6-2
Added Pin To Net: NetName=NetR6_2 Pin=U1-4
Added Net: Name=NetR6_2
Added Pin To Net: NetName=SPI/CS-DIS Pin=J3-12
Added Pin To Net: NetName=SPI/CS-DIS Pin=U3-20
Added Net: Name=SPI/CS-DIS
Added Pin To Net: NetName=SPI/CS-SD Pin=J4-4
Added Pin To Net: NetName=SPI/CS-SD Pin=U3-19
Added Net: Name=SPI/CS-SD
Added Pin To Net: NetName=VIN- Pin=R9-1
Added Pin To Net: NetName=VIN- Pin=R10-1
Added Pin To Net: NetName=VIN- Pin=R11-2
Added Pin To Net: NetName=VIN- Pin=U4-4
Added Net: Name=VIN-
Change Class Name : Old Net Name=AirScout_SchematicsV0_Spannungsversorgung New Net Name=AirScout_SchematicsV2.0
Added Member To Class: ClassName=AirScout_SchematicsV2.0 Member=Component C19 C1206C104K5RACTU
Added Member To Class: ClassName=AirScout_SchematicsV2.0 Member=Component C20 CL31B106KAHNNNE
Added Member To Class: ClassName=AirScout_SchematicsV2.0 Member=Component C21 C1206C104K5RACTU
Added Member To Class: ClassName=AirScout_SchematicsV2.0 Member=Component C22 CL31A476MQHNNNE
Added Member To Class: ClassName=AirScout_SchematicsV2.0 Member=Component C23 CL31B106KAHNNNE
Added Member To Class: ClassName=AirScout_SchematicsV2.0 Member=Component C24 C1206C104K5RACTU
Added Member To Class: ClassName=AirScout_SchematicsV2.0 Member=Component J8 0705430002
Added Member To Class: ClassName=AirScout_SchematicsV2.0 Member=Component R18 RC1206FR-0710KL
Added Member To Class: ClassName=AirScout_SchematicsV2.0 Member=Component R19 RC1206FR-0710KL
Added Member To Class: ClassName=AirScout_SchematicsV2.0 Member=Component U6 FM20206VBNN; SSM-106-F-SV
Added Rule: Name=Schematic Supply Nets_10
Added Rule: Name=Schematic Supply Nets_32
Added Rule: Name=Schematic Supply Nets_33
Added Rule: Name=Schematic Supply Nets_34
Added Rule: Name=Schematic Supply Nets_35
Added Rule: Name=Schematic Supply Nets_36
