Added Component: Designator=S3(IFX-SMD-LG-MLGA-14-1-V_MODUL)
Add component (AddParameter): Name = "Alternate View"; Value = "No"; VariantName = "[No Variations]"
Add component (AddParameter): Name = "ComponentLink1Description"; Value = "Datasheet"; VariantName = "[No Variations]"
Add component (AddParameter): Name = "ComponentLink1URL"; Value = "chrome-extension://efaidnbmnnnibpcajpcglclefindmkaj/https://www.infineon.com/assets/row/public/documents/24/49/infineon-pasco2v01-datasheet-en.pdf?fileId=8ac78c8c80027ecd01809278f1af1ba2"; VariantName = "[No Variations]"
Add component (AddParameter): Name = "Multiple Parts"; Value = "No"; VariantName = "[No Variations]"
Add component (AddParameter): Name = "Symbol Type"; Value = "XENSIV PAS CO2 1.5"; VariantName = "[No Variations]"
Added Component: Designator=U3(PicoW SC019)
Add component (AddParameter): Name = "ComponentLink1Description"; Value = "EU Component"; VariantName = "[No Variations]"
Add component (AddParameter): Name = "ComponentLink1URL"; Value = "https://www.reichelt.at/at/de/shop/produkt/raspberry_pi_pico_rp2040_cortex-m0_microusb-295706"; VariantName = "[No Variations]"
Add component (AddParameter): Name = "ComponentLink2Description"; Value = "Datasheet"; VariantName = "[No Variations]"
Add component (AddParameter): Name = "ComponentLink2URL"; Value = "chrome-extension://efaidnbmnnnibpcajpcglclefindmkaj/https://datasheets.raspberrypi.com/picow/pico-w-datasheet.pdf"; VariantName = "[No Variations]"
Added Pin To Net: NetName=3V3 Pin=S3-1
Added Pin To Net: NetName=I2C/SCL Pin=S3-3
Added Pin To Net: NetName=I2C/SDA Pin=S3-4
Added Pin To Net: NetName=GND Pin=S3-6
Added Pin To Net: NetName=5VCC Pin=S3-10
Added Pin To Net: NetName=UART/TX Pin=U3-1
Added Pin To Net: NetName=UART/RX Pin=U3-2
Added Pin To Net: NetName=GND Pin=U3-3
Added Pin To Net: NetName=CHG Pin=U3-4
Added Pin To Net: NetName=CONT Pin=U3-6
Added Pin To Net: NetName=LED Pin=U3-7
Added Pin To Net: NetName=GND Pin=U3-8
Added Pin To Net: NetName=DC Pin=U3-10
Added Pin To Net: NetName=RST Pin=U3-11
Added Pin To Net: NetName=SPI/CS-DIS Pin=U3-12
Added Pin To Net: NetName=GND Pin=U3-13
Added Pin To Net: NetName=SPI/SCK Pin=U3-14
Added Pin To Net: NetName=SPI/MISO Pin=U3-16
Added Pin To Net: NetName=GND Pin=U3-18
Added Pin To Net: NetName=SPI/MOSI Pin=U3-20
Added Pin To Net: NetName=SPI/CS-SD Pin=U3-21
Added Pin To Net: NetName=TCH3 Pin=U3-22
Added Pin To Net: NetName=GND Pin=U3-23
Added Pin To Net: NetName=TCH4 Pin=U3-24
Added Pin To Net: NetName=TCH1 Pin=U3-25
Added Pin To Net: NetName=TCH2 Pin=U3-26
Added Pin To Net: NetName=RESET Pin=U3-27
Added Pin To Net: NetName=GND Pin=U3-28
Added Pin To Net: NetName=EXTIN Pin=U3-29
Added Pin To Net: NetName=RUN Pin=U3-30
Added Pin To Net: NetName=I2C/SDA Pin=U3-31
Added Pin To Net: NetName=I2C/SCL Pin=U3-32
Added Pin To Net: NetName=GND Pin=U3-33
Added Pin To Net: NetName=ADC2 Pin=U3-34
Added Pin To Net: NetName=3V3-REF Pin=U3-35
Added Pin To Net: NetName=3V3 Pin=U3-36
Added Pin To Net: NetName=GND Pin=U3-38
Added Pin To Net: NetName=5VCC Pin=U3-39
Added Member To Class: ClassName=AirScout_SchematicsV2.0 Member=Component S3 NPPC061KFXC-RC
Added Member To Class: ClassName=AirScout_SchematicsV2.0 Member=Component U3 SSM-120-L-SV-BE-K-TR
