Added Component: Designator=J4(MOLEX_70543-0037)
Added Component: Designator=J5(MOLEX_70543-0037)
Added Component: Designator=J6(MOLEX_70543-0037)
Added Component: Designator=J7(MOLEX_70543-0037)
Added Pin To Net: NetName=3V3 Pin=J4-1
Added Pin To Net: NetName=TCH1 Pin=J4-2
Added Pin To Net: NetName=GND Pin=J4-3
Added Pin To Net: NetName=3V3 Pin=J5-1
Added Pin To Net: NetName=TCH2 Pin=J5-2
Added Pin To Net: NetName=GND Pin=J5-3
Added Pin To Net: NetName=3V3 Pin=J6-1
Added Pin To Net: NetName=TCH3 Pin=J6-2
Added Pin To Net: NetName=GND Pin=J6-3
Added Pin To Net: NetName=3V3 Pin=J7-1
Added Pin To Net: NetName=TCH4 Pin=J7-2
Added Pin To Net: NetName=GND Pin=J7-3
Added Member To Class: ClassName=AirScout_SchematicsV0_Spannungsversorgung Member=Component J4 5024430370
Added Member To Class: ClassName=AirScout_SchematicsV0_Spannungsversorgung Member=Component J5 5024430370
Added Member To Class: ClassName=AirScout_SchematicsV0_Spannungsversorgung Member=Component J6 5024430370
Added Member To Class: ClassName=AirScout_SchematicsV0_Spannungsversorgung Member=Component J7 5024430370
