Removed Pin From Net: NetName=GND Pin=3,3V Converter-2
Removed Pin From Net: NetName=GND Pin=3,3V Converter-2
Removed Pin From Net: NetName=Batterie Out Pin=3,3V Converter-3
Removed Pin From Net: NetName=Batterie Out Pin=3,3V Converter-5
Remove Pin from Net: Failed to remove Pin
Removed Pin From Net: NetName=RX Pin=GPS Modul-9
Removed Pin From Net: NetName=TX Pin=GPS Modul-10
Change Component Comment : Designator=BME688 Old Comment=MIKROE-4893 3V3 New Comment=
Change Component Designator: OldDesignator=Aufwaertswandler NewDesignator=Voltage Converter 12V
Change component parameters: Designator = "BME688" ("BME688"); Footprint = "MIKROE-4893"; UniqueID = "\YXGXTUTI" ("\YXGXTUTI")
Added Component: Designator=D1(LED-1)
Added Component: Designator=D2(LED-1)
Added Component: Designator=Finedust Sensor(HM3301)
Added Component: Designator=Lithium-Io Cell(KL-2)
Added Component: Designator=S1(TL36WW15050)
Add component (AddParameter): Name = "ComponentLink1Description"; Value = "Manufacturer Link"; VariantName = "[No Variations]"
Add component (AddParameter): Name = "ComponentLink1URL"; Value = "http://www.apem.com"; VariantName = "[No Variations]"
Add component (AddParameter): Name = "DatasheetVersion"; Value = "05-Dec-2000"; VariantName = "[No Variations]"
Add component (AddParameter): Name = "LatestRevisionDate"; Value = "17-Dec-2003"; VariantName = "[No Variations]"
Add component (AddParameter): Name = "LatestRevisionNote"; Value = "Schematic revised, PCB Footprint replaced."; VariantName = "[No Variations]"
Add component (AddParameter): Name = "PackageDescription"; Value = "Switch; 4 Leads"; VariantName = "[No Variations]"
Add component (AddParameter): Name = "PackageReference"; Value = "TL36WW15050"; VariantName = "[No Variations]"
Add component (AddParameter): Name = "Published"; Value = "24-Mar-1999"; VariantName = "[No Variations]"
Add component (AddParameter): Name = "Publisher"; Value = "Altium Limited"; VariantName = "[No Variations]"
Added Component: Designator=SW1(TE_2-1825027-0)
Add component (AddParameter): Name = "Availability"; Value = "Unavailable"; VariantName = "[No Variations]"
Add component (AddParameter): Name = "EU_RoHS_Compliance"; Value = "Compliant"; VariantName = "[No Variations]"
Add component (AddParameter): Name = "MF"; Value = "TE Connectivity"; VariantName = "[No Variations]"
Add component (AddParameter): Name = "MP"; Value = "2-1825027-0"; VariantName = "[No Variations]"
Add component (AddParameter): Name = "Package"; Value = "None"; VariantName = "[No Variations]"
Add component (AddParameter): Name = "Price"; Value = "None"; VariantName = "[No Variations]"
Add component (AddParameter): Name = "SnapEDA_Link"; Value = "https://www.snapeda.com/parts/2-1825027-0/TE%20Connectivity%20ALCOSWITCH%20Switches/view-part/236241/?ref=snap"; VariantName = "[No Variations]"
Add component (AddParameter): Name = "TE_purchase_URL"; Value = "https://www.te.com/usa-en/product-2-1825027-0.html?te_bu=Cor&te_type=disp&te_campaign=seda_glo_cor-seda-global-disp-prtnr-fy19-seda-model-bom-cta_sma-317_1&elqCampaignId=32493"; VariantName = "[No Variations]"
Add component (AddParameter): Name = "Value"; Value = ""; VariantName = "[No Variations]"
Added Component: Designator=SW2(TE_2-1825027-0)
Add component (AddParameter): Name = "Availability"; Value = "Unavailable"; VariantName = "[No Variations]"
Add component (AddParameter): Name = "EU_RoHS_Compliance"; Value = "Compliant"; VariantName = "[No Variations]"
Add component (AddParameter): Name = "MF"; Value = "TE Connectivity"; VariantName = "[No Variations]"
Add component (AddParameter): Name = "MP"; Value = "2-1825027-0"; VariantName = "[No Variations]"
Add component (AddParameter): Name = "Package"; Value = "None"; VariantName = "[No Variations]"
Add component (AddParameter): Name = "Price"; Value = "None"; VariantName = "[No Variations]"
Add component (AddParameter): Name = "SnapEDA_Link"; Value = "https://www.snapeda.com/parts/2-1825027-0/TE%20Connectivity%20ALCOSWITCH%20Switches/view-part/236241/?ref=snap"; VariantName = "[No Variations]"
Add component (AddParameter): Name = "TE_purchase_URL"; Value = "https://www.te.com/usa-en/product-2-1825027-0.html?te_bu=Cor&te_type=disp&te_campaign=seda_glo_cor-seda-global-disp-prtnr-fy19-seda-model-bom-cta_sma-317_1&elqCampaignId=32493"; VariantName = "[No Variations]"
Add component (AddParameter): Name = "Value"; Value = ""; VariantName = "[No Variations]"
Added Component: Designator=Voltage Regulator 3V3(SOT89-5)
Add component (AddParameter): Name = "Digi-Key_Part_Number"; Value = "296-47674-1-ND"; VariantName = "[No Variations]"
Add component (AddParameter): Name = "Digi-Key_Purchase_URL"; Value = "https://www.digikey.com/product-detail/en/texas-instruments/TLV61046ADBVR/296-47674-1-ND/8133043?utm_source=snapeda&utm_medium=aggregator&utm_campaign=symbol"; VariantName = "[No Variations]"
Add component (AddParameter): Name = "MF"; Value = "Texas Instruments"; VariantName = "[No Variations]"
Add component (AddParameter): Name = "MP"; Value = "TLV61046ADBVR"; VariantName = "[No Variations]"
Add component (AddParameter): Name = "Package"; Value = "SOT-23 Texas Instruments"; VariantName = "[No Variations]"
Add component (AddParameter): Name = "SnapEDA_Link"; Value = "https://www.snapeda.com/parts/TLV61046ADBVR/Texas%20Instruments/view-part/985721/?ref=snap"; VariantName = "[No Variations]"
Add component (AddParameter): Name = "Value"; Value = ""; VariantName = "[No Variations]"
Added Pin To Net: NetName=3V3 Pin=-1
Added Pin To Net: NetName=3V3 Pin=C7-2
Added Pin To Net: NetName=3V3 Pin=C8-2
Added Pin To Net: NetName=NetD1_1 Pin=D1-1
Added Pin To Net: NetName=GND Pin=D1-2
Added Pin To Net: NetName=NetD2_1 Pin=D2-1
Added Pin To Net: NetName=GND Pin=D2-2
Added Pin To Net: NetName=3V3 Pin=Finedust Sensor-3.3V
Added Pin To Net: NetName=GND Pin=Finedust Sensor-GND
Added Pin To Net: NetName=SCL Pin=Finedust Sensor-SCL
Added Pin To Net: NetName=SDA Pin=Finedust Sensor-SDA
Added Pin To Net: NetName=TX Pin=GPS Modul-9
Added Pin To Net: NetName=RX Pin=GPS Modul-10
Add Pin To Net: Unknown Pin: Pin GPS Modul-11
Added Pin To Net: NetName=NetCHB-C-LIT1A_3 Pin=Lithium-Io Cell-1
Added Pin To Net: NetName=NetCHB-C-LIT1A_2 Pin=Lithium-Io Cell-2
Added Pin To Net: NetName=3V3 Pin=PicoW-36
Add Pin To Net: Unknown Pin: Pin PicoW-D2
Added Pin To Net: NetName=Batterie Out Pin=S1-2
Added Pin To Net: NetName=NetCHB-C-LIT1A_1 Pin=S1-3
Added Pin To Net: NetName=NetPicoW_24 Pin=SW1-1
Added Pin To Net: NetName=GND Pin=SW1-2
Added Pin To Net: NetName=NetPicoW_27 Pin=SW2-1
Added Pin To Net: NetName=GND Pin=SW2-2
Added Pin To Net: NetName=GND Pin=3,3V Converter-2
Added Pin To Net: NetName=GND Pin=3,3V Converter-2
Added Pin To Net: NetName=Batterie Out Pin=3,3V Converter-3
Added Pin To Net: NetName=3V3 Pin=3,3V Converter-4
Added Pin To Net: NetName=Batterie Out Pin=3,3V Converter-5
Change Net Name : Old Net Name=NetAufwaertswandler_1 New Net Name=NetL1_2
Change Net Name : Old Net Name=NetPicoW_31 New Net Name=ADC Input
Added Pin To Net: NetName=NetSW1_S1 Pin=SW1-S1
Added Pin To Net: NetName=NetSW1_S1 Pin=SW1-S2
Added Net: Name=NetSW1_S1
Added Pin To Net: NetName=NetSW2_S1 Pin=SW2-S1
Added Pin To Net: NetName=NetSW2_S1 Pin=SW2-S2
Added Net: Name=NetSW2_S1
Added Member To Class: ClassName=Sheet1 Member=Component CHB-C-LIT1A Name
Added Member To Class: ClassName=Sheet1 Member=Component D1 LED-G
Added Member To Class: ClassName=Sheet1 Member=Component D2 LED-R
Added Member To Class: ClassName=Sheet1 Member=Component Finedust Sensor HM3301
Added Member To Class: ClassName=Sheet1 Member=Component GPS Modul CAM-M8Q Breakout
Added Member To Class: ClassName=Sheet1 Member=Component Lithium-Io Cell CON2
Added Member To Class: ClassName=Sheet1 Member=Component S1 Power Switch
Added Member To Class: ClassName=Sheet1 Member=Component SW1 2-1825027-0
Added Member To Class: ClassName=Sheet1 Member=Component SW2 2-1825027-0
Added Member To Class: ClassName=Sheet1 Member=Component  E-Ink
Added Member To Class: ClassName=Sheet1 Member=Component Voltage Regulator 3V3 NJM12856
